9.3863 	WARNING 	User requested fullscreen with size [1024  768], but screen is actually [1920, 1080]. Using actual size
9.7467 	EXP 	Created window1 = Window(allowGUI=False, allowStencil=False, autoLog=True, backendConf=UNKNOWN, backgroundFit=<method-wrapper '__getattribute__' of attributeSetter object at 0x0000019D0A1F2740>, backgroundImage=<method-wrapper '__getattribute__' of attributeSetter object at 0x0000019D0A1F26E0>, bitsMode=UNKNOWN, blendMode='avg', bpc=(8, 8, 8), color=array([0, 0, 0]), colorSpace='rgb', depthBits=8, fullscr=True, gamma=None, gammaErrorPolicy='raise', infoMsg=UNKNOWN, lms=UNKNOWN, monitor=<psychopy.monitors.calibTools.Monitor object at 0x0000019D0A2B3C10>, multiSample=False, name='window1', numSamples=2, pos=[0.0, 0.0], screen=0, size=array([1920, 1080]), stencilBits=0, stereo=False, title='PsychoPy', units='height', useFBO=True, useRetina=False, viewOri=0.0, viewPos=None, viewScale=None, waitBlanking=True, winType='pyglet')
9.7468 	EXP 	window1: backgroundImage = ''
9.7468 	EXP 	window1: backgroundFit = 'none'
9.8219 	EXP 	window1: Attempting to measure frame rate of screen (0) ...
9.8219 	EXP 	window1: recordFrameIntervals = False
10.1331 	EXP 	window1: recordFrameIntervals = True
10.3161 	EXP 	Screen (0) actual frame rate measured at 60.12Hz
10.3161 	EXP 	window1: recordFrameIntervals = False
11.9014 	EXP 	3.2.  1.16 psyexp: status = STARTED
11.9839 	EXP 	Created instructions = TextStim(__class__=<class 'psychopy.visual.text.TextStim'>, alignHoriz=method-wrapper(...), alignText='center', alignVert=method-wrapper(...), anchorHoriz='center', anchorVert='center', antialias=True, autoDraw=False, autoLog=True, bold=False, color=array([1., 1., 1.]), colorSpace='rgb', contrast=1.0, depth=0.0, draggable=False, flipHoriz=False, flipVert=False, font='Open Sans', fontFiles=[], height=0.1, italic=False, languageStyle='LTR', name='instructions', opacity=1, ori=0.0, pos=array([0., 0.]), rgb=UNKNOWN, text=str(...), units='height', win=Window(...), wrapWidth=1)
11.9874 	EXP 	Created fix = TextStim(__class__=<class 'psychopy.visual.text.TextStim'>, alignHoriz=method-wrapper(...), alignText='center', alignVert=method-wrapper(...), anchorHoriz='center', anchorVert='center', antialias=True, autoDraw=False, autoLog=True, bold=False, color=array([1., 1., 1.]), colorSpace='rgb', contrast=1.0, depth=0.0, draggable=False, flipHoriz=False, flipVert=False, font='Open Sans', fontFiles=[], height=0.1, italic=False, languageStyle='LTR', name='fix', opacity=1, ori=0.0, pos=array([0., 0.]), rgb=UNKNOWN, text='+', units='height', win=Window(...), wrapWidth=1)
11.9884 	EXP 	Created text = TextStim(__class__=<class 'psychopy.visual.text.TextStim'>, alignHoriz=method-wrapper(...), alignText='center', alignVert=method-wrapper(...), anchorHoriz='center', anchorVert='center', antialias=True, autoDraw=False, autoLog=True, bold=False, color=array([1., 1., 1.]), colorSpace='rgb', contrast=1.0, depth=0.0, draggable=False, flipHoriz=False, flipVert=False, font='Open Sans', fontFiles=[], height=0.1, italic=False, languageStyle='LTR', name='text', opacity=1, ori=0.0, pos=array([0., 0.]), rgb=UNKNOWN, text='', units='height', win=Window(...), wrapWidth=1)
12.0024 	EXP 	Created endding = TextStim(__class__=<class 'psychopy.visual.text.TextStim'>, alignHoriz=method-wrapper(...), alignText='center', alignVert=method-wrapper(...), anchorHoriz='center', anchorVert='center', antialias=True, autoDraw=False, autoLog=True, bold=False, color=array([1., 1., 1.]), colorSpace='rgb', contrast=1.0, depth=0.0, draggable=False, flipHoriz=False, flipVert=False, font='Open Sans', fontFiles=[], height=0.1, italic=False, languageStyle='LTR', name='endding', opacity=1, ori=0.0, pos=array([0., 0.]), rgb=UNKNOWN, text='您好，此阶段测试已完成。', units='height', win=Window(...), wrapWidth=1)
0.0108 	EXP 	instructions: autoDraw = True
4.3118 	EXP 	Imported 1.csv as conditions, 8 conditions, 2 params
4.3132 	EXP 	New trial (rep=0, index=0): <Trial 0 (0 in rep 0) data={'number': 9, 'corrAns': 'f', 'thisN': 0, 'thisTrialN': 0, 'thisRepN': 0}>
4.3196 	EXP 	instructions: autoDraw = False
4.3196 	EXP 	fix: autoDraw = True
4.3212 	DATA 	Keypress: space
4.8338 	EXP 	fix: autoDraw = False
4.8338 	EXP 	text: height = 0.1
4.8338 	EXP 	text: height = 0.1
4.8338 	EXP 	text: height = 0.1
4.8338 	EXP 	text: text = 9
5.3162 	EXP 	text: autoDraw = True
6.1660 	EXP 	New trial (rep=0, index=1): <Trial 1 (1 in rep 0) data={'number': 2, 'corrAns': 'j', 'thisN': 1, 'thisTrialN': 1, 'thisRepN': 0}>
6.1851 	EXP 	text: autoDraw = False
6.1851 	EXP 	fix: autoDraw = True
6.6968 	EXP 	fix: autoDraw = False
6.6968 	EXP 	text: height = 0.1
6.6968 	EXP 	text: height = 0.1
6.6968 	EXP 	text: height = 0.1
6.6968 	EXP 	text: text = 2
7.1794 	EXP 	text: autoDraw = True
7.7798 	DATA 	Keypress: lshift
9.0595 	EXP 	New trial (rep=0, index=2): <Trial 2 (2 in rep 0) data={'number': 3, 'corrAns': 'j', 'thisN': 2, 'thisTrialN': 2, 'thisRepN': 0}>
9.0748 	EXP 	text: autoDraw = False
9.0748 	EXP 	fix: autoDraw = True
9.0763 	DATA 	Keypress: j
9.5739 	EXP 	fix: autoDraw = False
9.5739 	EXP 	fix: autoDraw = False
9.5739 	EXP 	text: height = 0.1
9.5739 	EXP 	text: height = 0.1
9.5739 	EXP 	text: height = 0.1
9.5739 	EXP 	text: text = 3
10.0728 	EXP 	text: autoDraw = True
10.6725 	EXP 	New trial (rep=0, index=3): <Trial 3 (3 in rep 0) data={'number': 1, 'corrAns': 'j', 'thisN': 3, 'thisTrialN': 3, 'thisRepN': 0}>
10.6881 	EXP 	text: autoDraw = False
10.6881 	EXP 	fix: autoDraw = True
10.6896 	DATA 	Keypress: j
11.1872 	EXP 	fix: autoDraw = False
11.1872 	EXP 	fix: autoDraw = False
11.1872 	EXP 	text: height = 0.1
11.1872 	EXP 	text: height = 0.1
11.1872 	EXP 	text: height = 0.1
11.1872 	EXP 	text: text = 1
11.6859 	EXP 	text: autoDraw = True
12.1362 	EXP 	New trial (rep=0, index=4): <Trial 4 (4 in rep 0) data={'number': 8, 'corrAns': 'f', 'thisN': 4, 'thisTrialN': 4, 'thisRepN': 0}>
12.1517 	EXP 	text: autoDraw = False
12.1517 	EXP 	fix: autoDraw = True
12.1534 	DATA 	Keypress: j
12.6506 	EXP 	fix: autoDraw = False
12.6506 	EXP 	fix: autoDraw = False
12.6506 	EXP 	text: height = 0.1
12.6506 	EXP 	text: height = 0.1
12.6506 	EXP 	text: height = 0.1
12.6506 	EXP 	text: text = 8
13.1494 	EXP 	text: autoDraw = True
13.6834 	EXP 	New trial (rep=0, index=5): <Trial 5 (5 in rep 0) data={'number': 4, 'corrAns': 'j', 'thisN': 5, 'thisTrialN': 5, 'thisRepN': 0}>
13.6984 	EXP 	text: autoDraw = False
13.6984 	EXP 	fix: autoDraw = True
13.7000 	DATA 	Keypress: f
14.1974 	EXP 	fix: autoDraw = False
14.1974 	EXP 	fix: autoDraw = False
14.1974 	EXP 	text: height = 0.1
14.1974 	EXP 	text: height = 0.1
14.1974 	EXP 	text: height = 0.1
14.1974 	EXP 	text: text = 4
14.6971 	EXP 	text: autoDraw = True
15.2462 	EXP 	New trial (rep=0, index=6): <Trial 6 (6 in rep 0) data={'number': 7, 'corrAns': 'f', 'thisN': 6, 'thisTrialN': 6, 'thisRepN': 0}>
15.2616 	EXP 	text: autoDraw = False
15.2616 	EXP 	fix: autoDraw = True
15.2631 	DATA 	Keypress: j
15.7606 	EXP 	fix: autoDraw = False
15.7606 	EXP 	fix: autoDraw = False
15.7606 	EXP 	text: height = 0.1
15.7606 	EXP 	text: height = 0.1
15.7606 	EXP 	text: height = 0.1
15.7606 	EXP 	text: text = 7
16.2596 	EXP 	text: autoDraw = True
16.6928 	EXP 	New trial (rep=0, index=7): <Trial 7 (7 in rep 0) data={'number': 6, 'corrAns': 'f', 'thisN': 7, 'thisTrialN': 7, 'thisRepN': 0}>
16.7085 	EXP 	text: autoDraw = False
16.7085 	EXP 	fix: autoDraw = True
16.7116 	DATA 	Keypress: f
17.2077 	EXP 	fix: autoDraw = False
17.2077 	EXP 	fix: autoDraw = False
17.2077 	EXP 	text: height = 0.1
17.2077 	EXP 	text: height = 0.1
17.2077 	EXP 	text: height = 0.1
17.2077 	EXP 	text: text = 6
17.7066 	EXP 	text: autoDraw = True
18.2075 	EXP 	New trial (rep=1, index=0): <Trial 8 (0 in rep 1) data={'number': 8, 'corrAns': 'f', 'thisN': 8, 'thisTrialN': 0, 'thisRepN': 1}>
18.2220 	EXP 	text: autoDraw = False
18.2220 	EXP 	fix: autoDraw = True
18.2234 	DATA 	Keypress: j
18.7209 	EXP 	fix: autoDraw = False
18.7209 	EXP 	fix: autoDraw = False
18.7209 	EXP 	text: height = 0.1
18.7209 	EXP 	text: height = 0.1
18.7209 	EXP 	text: height = 0.1
18.7209 	EXP 	text: text = 8
19.2199 	EXP 	text: autoDraw = True
19.9027 	EXP 	New trial (rep=1, index=1): <Trial 9 (1 in rep 1) data={'number': 6, 'corrAns': 'f', 'thisN': 9, 'thisTrialN': 1, 'thisRepN': 1}>
19.9183 	EXP 	text: autoDraw = False
19.9183 	EXP 	fix: autoDraw = True
19.9199 	DATA 	Keypress: f
20.4340 	EXP 	fix: autoDraw = False
20.4340 	EXP 	text: height = 0.1
20.4340 	EXP 	text: height = 0.1
20.4340 	EXP 	text: height = 0.1
20.4340 	EXP 	text: text = 6
20.9162 	EXP 	text: autoDraw = True
21.3998 	EXP 	New trial (rep=1, index=2): <Trial 10 (2 in rep 1) data={'number': 4, 'corrAns': 'j', 'thisN': 10, 'thisTrialN': 2, 'thisRepN': 1}>
21.4151 	EXP 	text: autoDraw = False
21.4151 	EXP 	fix: autoDraw = True
21.4166 	DATA 	Keypress: f
21.9306 	EXP 	fix: autoDraw = False
21.9306 	EXP 	text: height = 0.1
21.9306 	EXP 	text: height = 0.1
21.9306 	EXP 	text: height = 0.1
21.9306 	EXP 	text: text = 4
22.4131 	EXP 	text: autoDraw = True
22.9133 	EXP 	New trial (rep=1, index=3): <Trial 11 (3 in rep 1) data={'number': 1, 'corrAns': 'j', 'thisN': 11, 'thisTrialN': 3, 'thisRepN': 1}>
22.9287 	EXP 	text: autoDraw = False
22.9287 	EXP 	fix: autoDraw = True
22.9303 	DATA 	Keypress: j
23.4441 	EXP 	fix: autoDraw = False
23.4441 	EXP 	text: height = 0.1
23.4441 	EXP 	text: height = 0.1
23.4441 	EXP 	text: height = 0.1
23.4441 	EXP 	text: text = 1
23.9266 	EXP 	text: autoDraw = True
24.3767 	EXP 	New trial (rep=1, index=4): <Trial 12 (4 in rep 1) data={'number': 9, 'corrAns': 'f', 'thisN': 12, 'thisTrialN': 4, 'thisRepN': 1}>
24.3923 	EXP 	text: autoDraw = False
24.3923 	EXP 	fix: autoDraw = True
24.3939 	DATA 	Keypress: j
24.9077 	EXP 	fix: autoDraw = False
24.9077 	EXP 	text: height = 0.1
24.9077 	EXP 	text: height = 0.1
24.9077 	EXP 	text: height = 0.1
24.9077 	EXP 	text: text = 9
25.3901 	EXP 	text: autoDraw = True
25.9401 	EXP 	New trial (rep=1, index=5): <Trial 13 (5 in rep 1) data={'number': 2, 'corrAns': 'j', 'thisN': 13, 'thisTrialN': 5, 'thisRepN': 1}>
25.9557 	EXP 	text: autoDraw = False
25.9557 	EXP 	fix: autoDraw = True
25.9574 	DATA 	Keypress: f
26.4709 	EXP 	fix: autoDraw = False
26.4709 	EXP 	text: height = 0.1
26.4709 	EXP 	text: height = 0.1
26.4709 	EXP 	text: height = 0.1
26.4709 	EXP 	text: text = 2
26.9534 	EXP 	text: autoDraw = True
27.4700 	EXP 	New trial (rep=1, index=6): <Trial 14 (6 in rep 1) data={'number': 7, 'corrAns': 'f', 'thisN': 14, 'thisTrialN': 6, 'thisRepN': 1}>
27.4854 	EXP 	text: autoDraw = False
27.4854 	EXP 	fix: autoDraw = True
27.4869 	DATA 	Keypress: j
27.9847 	EXP 	fix: autoDraw = False
27.9847 	EXP 	fix: autoDraw = False
27.9847 	EXP 	text: height = 0.1
27.9847 	EXP 	text: height = 0.1
27.9847 	EXP 	text: height = 0.1
27.9847 	EXP 	text: text = 7
28.4835 	EXP 	text: autoDraw = True
29.1500 	EXP 	New trial (rep=1, index=7): <Trial 15 (7 in rep 1) data={'number': 3, 'corrAns': 'j', 'thisN': 15, 'thisTrialN': 7, 'thisRepN': 1}>
29.1653 	EXP 	text: autoDraw = False
29.1653 	EXP 	fix: autoDraw = True
29.1669 	DATA 	Keypress: f
29.6644 	EXP 	fix: autoDraw = False
29.6644 	EXP 	fix: autoDraw = False
29.6644 	EXP 	text: height = 0.1
29.6644 	EXP 	text: height = 0.1
29.6644 	EXP 	text: height = 0.1
29.6644 	EXP 	text: text = 3
30.1633 	EXP 	text: autoDraw = True
30.6465 	EXP 	New trial (rep=2, index=0): <Trial 16 (0 in rep 2) data={'number': 2, 'corrAns': 'j', 'thisN': 16, 'thisTrialN': 0, 'thisRepN': 2}>
30.6624 	EXP 	text: autoDraw = False
30.6624 	EXP 	fix: autoDraw = True
30.6640 	DATA 	Keypress: j
31.1778 	EXP 	fix: autoDraw = False
31.1778 	EXP 	text: height = 0.1
31.1778 	EXP 	text: height = 0.1
31.1778 	EXP 	text: height = 0.1
31.1778 	EXP 	text: text = 2
31.6602 	EXP 	text: autoDraw = True
32.2778 	EXP 	New trial (rep=2, index=1): <Trial 17 (1 in rep 2) data={'number': 7, 'corrAns': 'f', 'thisN': 17, 'thisTrialN': 1, 'thisRepN': 2}>
32.2920 	EXP 	text: autoDraw = False
32.2920 	EXP 	fix: autoDraw = True
32.2936 	DATA 	Keypress: j
32.8077 	EXP 	fix: autoDraw = False
32.8077 	EXP 	text: height = 0.1
32.8077 	EXP 	text: height = 0.1
32.8077 	EXP 	text: height = 0.1
32.8077 	EXP 	text: text = 7
33.2903 	EXP 	text: autoDraw = True
33.8232 	EXP 	New trial (rep=2, index=2): <Trial 18 (2 in rep 2) data={'number': 3, 'corrAns': 'j', 'thisN': 18, 'thisTrialN': 2, 'thisRepN': 2}>
33.8389 	EXP 	text: autoDraw = False
33.8389 	EXP 	fix: autoDraw = True
33.8406 	DATA 	Keypress: f
34.3544 	EXP 	fix: autoDraw = False
34.3544 	EXP 	text: height = 0.1
34.3544 	EXP 	text: height = 0.1
34.3544 	EXP 	text: height = 0.1
34.3544 	EXP 	text: text = 3
34.8369 	EXP 	text: autoDraw = True
35.5028 	EXP 	New trial (rep=2, index=3): <Trial 19 (3 in rep 2) data={'number': 1, 'corrAns': 'j', 'thisN': 19, 'thisTrialN': 3, 'thisRepN': 2}>
35.5186 	EXP 	text: autoDraw = False
35.5186 	EXP 	fix: autoDraw = True
35.5202 	DATA 	Keypress: j
36.0341 	EXP 	fix: autoDraw = False
36.0341 	EXP 	text: height = 0.1
36.0341 	EXP 	text: height = 0.1
36.0341 	EXP 	text: height = 0.1
36.0341 	EXP 	text: text = 1
36.5164 	EXP 	text: autoDraw = True
37.1493 	EXP 	New trial (rep=2, index=4): <Trial 20 (4 in rep 2) data={'number': 6, 'corrAns': 'f', 'thisN': 20, 'thisTrialN': 4, 'thisRepN': 2}>
37.1648 	EXP 	text: autoDraw = False
37.1648 	EXP 	fix: autoDraw = True
37.1663 	DATA 	Keypress: j
37.6638 	EXP 	fix: autoDraw = False
37.6638 	EXP 	fix: autoDraw = False
37.6638 	EXP 	text: height = 0.1
37.6638 	EXP 	text: height = 0.1
37.6638 	EXP 	text: height = 0.1
37.6638 	EXP 	text: text = 6
38.1628 	EXP 	text: autoDraw = True
38.6630 	EXP 	New trial (rep=2, index=5): <Trial 21 (5 in rep 2) data={'number': 8, 'corrAns': 'f', 'thisN': 21, 'thisTrialN': 5, 'thisRepN': 2}>
38.6782 	EXP 	text: autoDraw = False
38.6782 	EXP 	fix: autoDraw = True
38.6799 	DATA 	Keypress: f
39.1910 	EXP 	fix: autoDraw = False
39.1910 	EXP 	fix: autoDraw = False
39.1910 	EXP 	text: height = 0.1
39.1910 	EXP 	text: height = 0.1
39.1910 	EXP 	text: height = 0.1
39.1910 	EXP 	text: text = 8
39.6764 	EXP 	text: autoDraw = True
40.2096 	EXP 	New trial (rep=2, index=6): <Trial 22 (6 in rep 2) data={'number': 4, 'corrAns': 'j', 'thisN': 22, 'thisTrialN': 6, 'thisRepN': 2}>
40.2251 	EXP 	text: autoDraw = False
40.2251 	EXP 	fix: autoDraw = True
40.2266 	DATA 	Keypress: f
40.7407 	EXP 	fix: autoDraw = False
40.7407 	EXP 	text: height = 0.1
40.7407 	EXP 	text: height = 0.1
40.7407 	EXP 	text: height = 0.1
40.7407 	EXP 	text: text = 4
41.2231 	EXP 	text: autoDraw = True
41.6730 	EXP 	New trial (rep=2, index=7): <Trial 23 (7 in rep 2) data={'number': 9, 'corrAns': 'f', 'thisN': 23, 'thisTrialN': 7, 'thisRepN': 2}>
41.6888 	EXP 	text: autoDraw = False
41.6888 	EXP 	fix: autoDraw = True
41.6905 	DATA 	Keypress: j
42.2041 	EXP 	fix: autoDraw = False
42.2041 	EXP 	text: height = 0.1
42.2041 	EXP 	text: height = 0.1
42.2041 	EXP 	text: height = 0.1
42.2041 	EXP 	text: text = 9
42.6867 	EXP 	text: autoDraw = True
43.1702 	EXP 	New trial (rep=3, index=0): <Trial 24 (0 in rep 3) data={'number': 2, 'corrAns': 'j', 'thisN': 24, 'thisTrialN': 0, 'thisRepN': 3}>
43.1855 	EXP 	text: autoDraw = False
43.1855 	EXP 	fix: autoDraw = True
43.1872 	DATA 	Keypress: f
43.7012 	EXP 	fix: autoDraw = False
43.7012 	EXP 	text: height = 0.1
43.7012 	EXP 	text: height = 0.1
43.7012 	EXP 	text: height = 0.1
43.7012 	EXP 	text: text = 2
44.1832 	EXP 	text: autoDraw = True
44.6168 	EXP 	New trial (rep=3, index=1): <Trial 25 (1 in rep 3) data={'number': 6, 'corrAns': 'f', 'thisN': 25, 'thisTrialN': 1, 'thisRepN': 3}>
44.6324 	EXP 	text: autoDraw = False
44.6324 	EXP 	fix: autoDraw = True
44.6339 	DATA 	Keypress: j
45.1482 	EXP 	fix: autoDraw = False
45.1482 	EXP 	text: height = 0.1
45.1482 	EXP 	text: height = 0.1
45.1482 	EXP 	text: height = 0.1
45.1482 	EXP 	text: text = 6
45.6302 	EXP 	text: autoDraw = True
46.2801 	EXP 	New trial (rep=3, index=2): <Trial 26 (2 in rep 3) data={'number': 7, 'corrAns': 'f', 'thisN': 26, 'thisTrialN': 2, 'thisRepN': 3}>
46.2955 	EXP 	text: autoDraw = False
46.2955 	EXP 	fix: autoDraw = True
46.2970 	DATA 	Keypress: f
46.8110 	EXP 	fix: autoDraw = False
46.8110 	EXP 	text: height = 0.1
46.8110 	EXP 	text: height = 0.1
46.8110 	EXP 	text: height = 0.1
46.8110 	EXP 	text: text = 7
47.2933 	EXP 	text: autoDraw = True
48.1593 	EXP 	New trial (rep=3, index=3): <Trial 27 (3 in rep 3) data={'number': 3, 'corrAns': 'j', 'thisN': 27, 'thisTrialN': 3, 'thisRepN': 3}>
48.1748 	EXP 	text: autoDraw = False
48.1748 	EXP 	fix: autoDraw = True
48.1763 	DATA 	Keypress: f
48.6903 	EXP 	fix: autoDraw = False
48.6903 	EXP 	text: height = 0.1
48.6903 	EXP 	text: height = 0.1
48.6903 	EXP 	text: height = 0.1
48.6903 	EXP 	text: text = 3
49.1729 	EXP 	text: autoDraw = True
49.6560 	EXP 	New trial (rep=3, index=4): <Trial 28 (4 in rep 3) data={'number': 8, 'corrAns': 'f', 'thisN': 28, 'thisTrialN': 4, 'thisRepN': 3}>
49.6715 	EXP 	text: autoDraw = False
49.6715 	EXP 	fix: autoDraw = True
49.6730 	DATA 	Keypress: j
50.1706 	EXP 	fix: autoDraw = False
50.1706 	EXP 	fix: autoDraw = False
50.1706 	EXP 	text: height = 0.1
50.1706 	EXP 	text: height = 0.1
50.1706 	EXP 	text: height = 0.1
50.1706 	EXP 	text: text = 8
50.6699 	EXP 	text: autoDraw = True
51.1361 	EXP 	New trial (rep=3, index=5): <Trial 29 (5 in rep 3) data={'number': 9, 'corrAns': 'f', 'thisN': 29, 'thisTrialN': 5, 'thisRepN': 3}>
51.1517 	EXP 	text: autoDraw = False
51.1517 	EXP 	fix: autoDraw = True
51.1531 	DATA 	Keypress: f
51.6507 	EXP 	fix: autoDraw = False
51.6507 	EXP 	fix: autoDraw = False
51.6507 	EXP 	text: height = 0.1
51.6507 	EXP 	text: height = 0.1
51.6507 	EXP 	text: height = 0.1
51.6507 	EXP 	text: text = 9
52.1497 	EXP 	text: autoDraw = True
52.5996 	EXP 	New trial (rep=3, index=6): <Trial 30 (6 in rep 3) data={'number': 1, 'corrAns': 'j', 'thisN': 30, 'thisTrialN': 6, 'thisRepN': 3}>
52.6154 	EXP 	text: autoDraw = False
52.6154 	EXP 	fix: autoDraw = True
52.6169 	DATA 	Keypress: f
53.1309 	EXP 	fix: autoDraw = False
53.1309 	EXP 	text: height = 0.1
53.1309 	EXP 	text: height = 0.1
53.1309 	EXP 	text: height = 0.1
53.1309 	EXP 	text: text = 1
53.6132 	EXP 	text: autoDraw = True
54.0801 	EXP 	New trial (rep=3, index=7): <Trial 31 (7 in rep 3) data={'number': 4, 'corrAns': 'j', 'thisN': 31, 'thisTrialN': 7, 'thisRepN': 3}>
54.0956 	EXP 	text: autoDraw = False
54.0956 	EXP 	fix: autoDraw = True
54.0973 	DATA 	Keypress: j
54.6110 	EXP 	fix: autoDraw = False
54.6110 	EXP 	text: height = 0.1
54.6110 	EXP 	text: height = 0.1
54.6110 	EXP 	text: height = 0.1
54.6110 	EXP 	text: text = 4
55.0934 	EXP 	text: autoDraw = True
55.8928 	EXP 	New trial (rep=4, index=0): <Trial 32 (0 in rep 4) data={'number': 1, 'corrAns': 'j', 'thisN': 32, 'thisTrialN': 0, 'thisRepN': 4}>
55.9084 	EXP 	text: autoDraw = False
55.9084 	EXP 	fix: autoDraw = True
55.9100 	DATA 	Keypress: j
56.4240 	EXP 	fix: autoDraw = False
56.4240 	EXP 	text: height = 0.1
56.4240 	EXP 	text: height = 0.1
56.4240 	EXP 	text: height = 0.1
56.4240 	EXP 	text: text = 1
56.9062 	EXP 	text: autoDraw = True
57.4561 	EXP 	New trial (rep=4, index=1): <Trial 33 (1 in rep 4) data={'number': 8, 'corrAns': 'f', 'thisN': 33, 'thisTrialN': 1, 'thisRepN': 4}>
57.4718 	EXP 	text: autoDraw = False
57.4718 	EXP 	fix: autoDraw = True
57.4734 	DATA 	Keypress: f
57.9873 	EXP 	fix: autoDraw = False
57.9873 	EXP 	text: height = 0.1
57.9873 	EXP 	text: height = 0.1
57.9873 	EXP 	text: height = 0.1
57.9873 	EXP 	text: text = 8
58.4696 	EXP 	text: autoDraw = True
59.1694 	EXP 	New trial (rep=4, index=2): <Trial 34 (2 in rep 4) data={'number': 9, 'corrAns': 'f', 'thisN': 34, 'thisTrialN': 2, 'thisRepN': 4}>
59.1848 	EXP 	text: autoDraw = False
59.1848 	EXP 	fix: autoDraw = True
59.1865 	DATA 	Keypress: f
59.7002 	EXP 	fix: autoDraw = False
59.7002 	EXP 	text: height = 0.1
59.7002 	EXP 	text: height = 0.1
59.7002 	EXP 	text: height = 0.1
59.7002 	EXP 	text: text = 9
60.1828 	EXP 	text: autoDraw = True
60.6827 	EXP 	New trial (rep=4, index=3): <Trial 35 (3 in rep 4) data={'number': 2, 'corrAns': 'j', 'thisN': 35, 'thisTrialN': 3, 'thisRepN': 4}>
60.6980 	EXP 	text: autoDraw = False
60.6980 	EXP 	fix: autoDraw = True
60.6996 	DATA 	Keypress: f
61.1970 	EXP 	fix: autoDraw = False
61.1970 	EXP 	fix: autoDraw = False
61.1970 	EXP 	text: height = 0.1
61.1970 	EXP 	text: height = 0.1
61.1970 	EXP 	text: height = 0.1
61.1970 	EXP 	text: text = 2
61.6964 	EXP 	text: autoDraw = True
62.2128 	EXP 	New trial (rep=4, index=4): <Trial 36 (4 in rep 4) data={'number': 6, 'corrAns': 'f', 'thisN': 36, 'thisTrialN': 4, 'thisRepN': 4}>
62.2283 	EXP 	text: autoDraw = False
62.2283 	EXP 	fix: autoDraw = True
62.2299 	DATA 	Keypress: j
62.7438 	EXP 	fix: autoDraw = False
62.7438 	EXP 	text: height = 0.1
62.7438 	EXP 	text: height = 0.1
62.7438 	EXP 	text: height = 0.1
62.7438 	EXP 	text: text = 6
63.2262 	EXP 	text: autoDraw = True
63.8426 	EXP 	New trial (rep=4, index=5): <Trial 37 (5 in rep 4) data={'number': 4, 'corrAns': 'j', 'thisN': 37, 'thisTrialN': 5, 'thisRepN': 4}>
63.8581 	EXP 	text: autoDraw = False
63.8581 	EXP 	fix: autoDraw = True
63.8597 	DATA 	Keypress: f
64.3573 	EXP 	fix: autoDraw = False
64.3573 	EXP 	fix: autoDraw = False
64.3573 	EXP 	text: height = 0.1
64.3573 	EXP 	text: height = 0.1
64.3573 	EXP 	text: height = 0.1
64.3573 	EXP 	text: text = 4
64.8560 	EXP 	text: autoDraw = True
65.4559 	EXP 	New trial (rep=4, index=6): <Trial 38 (6 in rep 4) data={'number': 3, 'corrAns': 'j', 'thisN': 38, 'thisTrialN': 6, 'thisRepN': 4}>
65.4713 	EXP 	text: autoDraw = False
65.4713 	EXP 	fix: autoDraw = True
65.4729 	DATA 	Keypress: j
65.9868 	EXP 	fix: autoDraw = False
65.9868 	EXP 	text: height = 0.1
65.9868 	EXP 	text: height = 0.1
65.9868 	EXP 	text: height = 0.1
65.9868 	EXP 	text: text = 3
66.4693 	EXP 	text: autoDraw = True
67.0522 	EXP 	New trial (rep=4, index=7): <Trial 39 (7 in rep 4) data={'number': 7, 'corrAns': 'f', 'thisN': 39, 'thisTrialN': 7, 'thisRepN': 4}>
67.0678 	EXP 	text: autoDraw = False
67.0678 	EXP 	fix: autoDraw = True
67.0693 	DATA 	Keypress: j
67.5668 	EXP 	fix: autoDraw = False
67.5668 	EXP 	fix: autoDraw = False
67.5668 	EXP 	text: height = 0.1
67.5668 	EXP 	text: height = 0.1
67.5668 	EXP 	text: height = 0.1
67.5668 	EXP 	text: text = 7
68.0659 	EXP 	text: autoDraw = True
69.2319 	EXP 	New trial (rep=5, index=0): <Trial 40 (0 in rep 5) data={'number': 2, 'corrAns': 'j', 'thisN': 40, 'thisTrialN': 0, 'thisRepN': 5}>
69.2467 	EXP 	text: autoDraw = False
69.2467 	EXP 	fix: autoDraw = True
69.2483 	DATA 	Keypress: f
69.7624 	EXP 	fix: autoDraw = False
69.7624 	EXP 	text: height = 0.1
69.7624 	EXP 	text: height = 0.1
69.7624 	EXP 	text: height = 0.1
69.7624 	EXP 	text: text = 2
70.2446 	EXP 	text: autoDraw = True
70.8442 	EXP 	New trial (rep=5, index=1): <Trial 41 (1 in rep 5) data={'number': 3, 'corrAns': 'j', 'thisN': 41, 'thisTrialN': 1, 'thisRepN': 5}>
70.8599 	EXP 	text: autoDraw = False
70.8599 	EXP 	fix: autoDraw = True
70.8614 	DATA 	Keypress: j
71.3587 	EXP 	fix: autoDraw = False
71.3587 	EXP 	fix: autoDraw = False
71.3587 	EXP 	text: height = 0.1
71.3587 	EXP 	text: height = 0.1
71.3587 	EXP 	text: height = 0.1
71.3587 	EXP 	text: text = 3
71.8575 	EXP 	text: autoDraw = True
72.3910 	EXP 	New trial (rep=5, index=2): <Trial 42 (2 in rep 5) data={'number': 6, 'corrAns': 'f', 'thisN': 42, 'thisTrialN': 2, 'thisRepN': 5}>
72.4065 	EXP 	text: autoDraw = False
72.4065 	EXP 	fix: autoDraw = True
72.4080 	DATA 	Keypress: j
72.9221 	EXP 	fix: autoDraw = False
72.9221 	EXP 	text: height = 0.1
72.9221 	EXP 	text: height = 0.1
72.9221 	EXP 	text: height = 0.1
72.9221 	EXP 	text: text = 6
73.4043 	EXP 	text: autoDraw = True
74.0044 	EXP 	New trial (rep=5, index=3): <Trial 43 (3 in rep 5) data={'number': 9, 'corrAns': 'f', 'thisN': 43, 'thisTrialN': 3, 'thisRepN': 5}>
74.0198 	EXP 	text: autoDraw = False
74.0198 	EXP 	fix: autoDraw = True
74.0214 	DATA 	Keypress: f
74.5188 	EXP 	fix: autoDraw = False
74.5188 	EXP 	fix: autoDraw = False
74.5188 	EXP 	text: height = 0.1
74.5188 	EXP 	text: height = 0.1
74.5188 	EXP 	text: height = 0.1
74.5188 	EXP 	text: text = 9
75.0178 	EXP 	text: autoDraw = True
75.5510 	EXP 	New trial (rep=5, index=4): <Trial 44 (4 in rep 5) data={'number': 8, 'corrAns': 'f', 'thisN': 44, 'thisTrialN': 4, 'thisRepN': 5}>
75.5664 	EXP 	text: autoDraw = False
75.5664 	EXP 	fix: autoDraw = True
75.5680 	DATA 	Keypress: f
76.0830 	EXP 	fix: autoDraw = False
76.0830 	EXP 	text: height = 0.1
76.0830 	EXP 	text: height = 0.1
76.0830 	EXP 	text: height = 0.1
76.0830 	EXP 	text: text = 8
76.5645 	EXP 	text: autoDraw = True
77.0812 	EXP 	New trial (rep=5, index=5): <Trial 45 (5 in rep 5) data={'number': 4, 'corrAns': 'j', 'thisN': 45, 'thisTrialN': 5, 'thisRepN': 5}>
77.0967 	EXP 	text: autoDraw = False
77.0967 	EXP 	fix: autoDraw = True
77.0984 	DATA 	Keypress: f
77.6122 	EXP 	fix: autoDraw = False
77.6122 	EXP 	text: height = 0.1
77.6122 	EXP 	text: height = 0.1
77.6122 	EXP 	text: height = 0.1
77.6122 	EXP 	text: text = 4
78.0947 	EXP 	text: autoDraw = True
78.6113 	EXP 	New trial (rep=5, index=6): <Trial 46 (6 in rep 5) data={'number': 7, 'corrAns': 'f', 'thisN': 46, 'thisTrialN': 6, 'thisRepN': 5}>
78.6128 	DATA 	Keypress: j
78.6272 	EXP 	text: autoDraw = False
78.6272 	EXP 	fix: autoDraw = True
79.1422 	EXP 	fix: autoDraw = False
79.1422 	EXP 	text: height = 0.1
79.1422 	EXP 	text: height = 0.1
79.1422 	EXP 	text: height = 0.1
79.1422 	EXP 	text: text = 7
79.6247 	EXP 	text: autoDraw = True
80.1575 	EXP 	New trial (rep=5, index=7): <Trial 47 (7 in rep 5) data={'number': 1, 'corrAns': 'j', 'thisN': 47, 'thisTrialN': 7, 'thisRepN': 5}>
80.1735 	EXP 	text: autoDraw = False
80.1735 	EXP 	fix: autoDraw = True
80.1749 	DATA 	Keypress: f
80.6888 	EXP 	fix: autoDraw = False
80.6888 	EXP 	text: height = 0.1
80.6888 	EXP 	text: height = 0.1
80.6888 	EXP 	text: height = 0.1
80.6888 	EXP 	text: text = 1
81.1713 	EXP 	text: autoDraw = True
81.6380 	EXP 	New trial (rep=6, index=0): <Trial 48 (0 in rep 6) data={'number': 8, 'corrAns': 'f', 'thisN': 48, 'thisTrialN': 0, 'thisRepN': 6}>
81.6534 	EXP 	text: autoDraw = False
81.6534 	EXP 	fix: autoDraw = True
81.6550 	DATA 	Keypress: j
82.1527 	EXP 	fix: autoDraw = False
82.1527 	EXP 	fix: autoDraw = False
82.1527 	EXP 	text: height = 0.1
82.1527 	EXP 	text: height = 0.1
82.1527 	EXP 	text: height = 0.1
82.1527 	EXP 	text: text = 8
82.6516 	EXP 	text: autoDraw = True
83.1518 	EXP 	New trial (rep=6, index=1): <Trial 49 (1 in rep 6) data={'number': 6, 'corrAns': 'f', 'thisN': 49, 'thisTrialN': 1, 'thisRepN': 6}>
83.1670 	EXP 	text: autoDraw = False
83.1670 	EXP 	fix: autoDraw = True
83.1689 	DATA 	Keypress: f
83.6658 	EXP 	fix: autoDraw = False
83.6658 	EXP 	fix: autoDraw = False
83.6658 	EXP 	text: height = 0.1
83.6658 	EXP 	text: height = 0.1
83.6658 	EXP 	text: height = 0.1
83.6658 	EXP 	text: text = 6
84.1648 	EXP 	text: autoDraw = True
85.1474 	EXP 	New trial (rep=6, index=2): <Trial 50 (2 in rep 6) data={'number': 3, 'corrAns': 'j', 'thisN': 50, 'thisTrialN': 2, 'thisRepN': 6}>
85.1489 	DATA 	Keypress: f
85.1626 	EXP 	text: autoDraw = False
85.1626 	EXP 	fix: autoDraw = True
85.6616 	EXP 	fix: autoDraw = False
85.6616 	EXP 	fix: autoDraw = False
85.6616 	EXP 	text: height = 0.1
85.6616 	EXP 	text: height = 0.1
85.6616 	EXP 	text: height = 0.1
85.6616 	EXP 	text: text = 3
86.1604 	EXP 	text: autoDraw = True
86.6106 	EXP 	New trial (rep=6, index=3): <Trial 51 (3 in rep 6) data={'number': 9, 'corrAns': 'f', 'thisN': 51, 'thisTrialN': 3, 'thisRepN': 6}>
86.6264 	EXP 	text: autoDraw = False
86.6264 	EXP 	fix: autoDraw = True
86.6280 	DATA 	Keypress: f
87.1417 	EXP 	fix: autoDraw = False
87.1417 	EXP 	text: height = 0.1
87.1417 	EXP 	text: height = 0.1
87.1417 	EXP 	text: height = 0.1
87.1417 	EXP 	text: text = 9
87.6242 	EXP 	text: autoDraw = True
88.2084 	EXP 	New trial (rep=6, index=4): <Trial 52 (4 in rep 6) data={'number': 7, 'corrAns': 'f', 'thisN': 52, 'thisTrialN': 4, 'thisRepN': 6}>
88.2228 	EXP 	text: autoDraw = False
88.2228 	EXP 	fix: autoDraw = True
88.2243 	DATA 	Keypress: f
88.7220 	EXP 	fix: autoDraw = False
88.7220 	EXP 	fix: autoDraw = False
88.7220 	EXP 	text: height = 0.1
88.7220 	EXP 	text: height = 0.1
88.7220 	EXP 	text: height = 0.1
88.7220 	EXP 	text: text = 7
89.2208 	EXP 	text: autoDraw = True
89.8371 	EXP 	New trial (rep=6, index=5): <Trial 53 (5 in rep 6) data={'number': 2, 'corrAns': 'j', 'thisN': 53, 'thisTrialN': 5, 'thisRepN': 6}>
89.8527 	EXP 	text: autoDraw = False
89.8527 	EXP 	fix: autoDraw = True
89.8543 	DATA 	Keypress: f
90.3683 	EXP 	fix: autoDraw = False
90.3683 	EXP 	text: height = 0.1
90.3683 	EXP 	text: height = 0.1
90.3683 	EXP 	text: height = 0.1
90.3683 	EXP 	text: text = 2
90.8506 	EXP 	text: autoDraw = True
91.3507 	EXP 	New trial (rep=6, index=6): <Trial 54 (6 in rep 6) data={'number': 4, 'corrAns': 'j', 'thisN': 54, 'thisTrialN': 6, 'thisRepN': 6}>
91.3665 	EXP 	text: autoDraw = False
91.3665 	EXP 	fix: autoDraw = True
91.3684 	DATA 	Keypress: j
91.8815 	EXP 	fix: autoDraw = False
91.8815 	EXP 	text: height = 0.1
91.8815 	EXP 	text: height = 0.1
91.8815 	EXP 	text: height = 0.1
91.8815 	EXP 	text: text = 4
92.3644 	EXP 	text: autoDraw = True
92.9639 	EXP 	New trial (rep=6, index=7): <Trial 55 (7 in rep 6) data={'number': 1, 'corrAns': 'j', 'thisN': 55, 'thisTrialN': 7, 'thisRepN': 6}>
92.9795 	EXP 	text: autoDraw = False
92.9795 	EXP 	fix: autoDraw = True
92.9811 	DATA 	Keypress: j
93.4949 	EXP 	fix: autoDraw = False
93.4949 	EXP 	text: height = 0.1
93.4949 	EXP 	text: height = 0.1
93.4949 	EXP 	text: height = 0.1
93.4949 	EXP 	text: text = 1
93.9777 	EXP 	text: autoDraw = True
94.4777 	EXP 	New trial (rep=7, index=0): <Trial 56 (0 in rep 7) data={'number': 9, 'corrAns': 'f', 'thisN': 56, 'thisTrialN': 0, 'thisRepN': 7}>
94.4929 	EXP 	text: autoDraw = False
94.4929 	EXP 	fix: autoDraw = True
94.4945 	DATA 	Keypress: j
94.9918 	EXP 	fix: autoDraw = False
94.9918 	EXP 	fix: autoDraw = False
94.9918 	EXP 	text: height = 0.1
94.9918 	EXP 	text: height = 0.1
94.9918 	EXP 	text: height = 0.1
94.9918 	EXP 	text: text = 9
95.4907 	EXP 	text: autoDraw = True
96.0739 	EXP 	New trial (rep=7, index=1): <Trial 57 (1 in rep 7) data={'number': 2, 'corrAns': 'j', 'thisN': 57, 'thisTrialN': 1, 'thisRepN': 7}>
96.0896 	EXP 	text: autoDraw = False
96.0896 	EXP 	fix: autoDraw = True
96.0914 	DATA 	Keypress: f
96.6050 	EXP 	fix: autoDraw = False
96.6050 	EXP 	text: height = 0.1
96.6050 	EXP 	text: height = 0.1
96.6050 	EXP 	text: height = 0.1
96.6050 	EXP 	text: text = 2
97.0873 	EXP 	text: autoDraw = True
97.5372 	EXP 	New trial (rep=7, index=2): <Trial 58 (2 in rep 7) data={'number': 4, 'corrAns': 'j', 'thisN': 58, 'thisTrialN': 2, 'thisRepN': 7}>
97.5531 	EXP 	text: autoDraw = False
97.5531 	EXP 	fix: autoDraw = True
97.5546 	DATA 	Keypress: j
98.0686 	EXP 	fix: autoDraw = False
98.0686 	EXP 	text: height = 0.1
98.0686 	EXP 	text: height = 0.1
98.0686 	EXP 	text: height = 0.1
98.0686 	EXP 	text: text = 4
98.5508 	EXP 	text: autoDraw = True
99.0509 	EXP 	New trial (rep=7, index=3): <Trial 59 (3 in rep 7) data={'number': 6, 'corrAns': 'f', 'thisN': 59, 'thisTrialN': 3, 'thisRepN': 7}>
99.0663 	EXP 	text: autoDraw = False
99.0663 	EXP 	fix: autoDraw = True
99.0678 	DATA 	Keypress: j
99.5818 	EXP 	fix: autoDraw = False
99.5818 	EXP 	text: height = 0.1
99.5818 	EXP 	text: height = 0.1
99.5818 	EXP 	text: height = 0.1
99.5818 	EXP 	text: text = 6
100.0643 	EXP 	text: autoDraw = True
100.6475 	EXP 	New trial (rep=7, index=4): <Trial 60 (4 in rep 7) data={'number': 1, 'corrAns': 'j', 'thisN': 60, 'thisTrialN': 4, 'thisRepN': 7}>
100.6631 	EXP 	text: autoDraw = False
100.6631 	EXP 	fix: autoDraw = True
100.6647 	DATA 	Keypress: f
101.1623 	EXP 	fix: autoDraw = False
101.1623 	EXP 	fix: autoDraw = False
101.1623 	EXP 	text: height = 0.1
101.1623 	EXP 	text: height = 0.1
101.1623 	EXP 	text: height = 0.1
101.1623 	EXP 	text: text = 1
101.6609 	EXP 	text: autoDraw = True
102.1112 	EXP 	New trial (rep=7, index=5): <Trial 61 (5 in rep 7) data={'number': 8, 'corrAns': 'f', 'thisN': 61, 'thisTrialN': 5, 'thisRepN': 7}>
102.1266 	EXP 	text: autoDraw = False
102.1266 	EXP 	fix: autoDraw = True
102.1283 	DATA 	Keypress: j
102.6422 	EXP 	fix: autoDraw = False
102.6422 	EXP 	text: height = 0.1
102.6422 	EXP 	text: height = 0.1
102.6422 	EXP 	text: height = 0.1
102.6422 	EXP 	text: text = 8
103.1244 	EXP 	text: autoDraw = True
103.7078 	EXP 	New trial (rep=7, index=6): <Trial 62 (6 in rep 7) data={'number': 3, 'corrAns': 'j', 'thisN': 62, 'thisTrialN': 6, 'thisRepN': 7}>
103.7230 	EXP 	text: autoDraw = False
103.7230 	EXP 	fix: autoDraw = True
103.7245 	DATA 	Keypress: f
104.2220 	EXP 	fix: autoDraw = False
104.2220 	EXP 	fix: autoDraw = False
104.2220 	EXP 	text: height = 0.1
104.2220 	EXP 	text: height = 0.1
104.2220 	EXP 	text: height = 0.1
104.2220 	EXP 	text: text = 3
104.7211 	EXP 	text: autoDraw = True
105.1383 	EXP 	New trial (rep=7, index=7): <Trial 63 (7 in rep 7) data={'number': 7, 'corrAns': 'f', 'thisN': 63, 'thisTrialN': 7, 'thisRepN': 7}>
105.1535 	EXP 	text: autoDraw = False
105.1535 	EXP 	fix: autoDraw = True
105.1552 	DATA 	Keypress: j
105.6522 	EXP 	fix: autoDraw = False
105.6522 	EXP 	fix: autoDraw = False
105.6522 	EXP 	text: height = 0.1
105.6522 	EXP 	text: height = 0.1
105.6522 	EXP 	text: height = 0.1
105.6522 	EXP 	text: text = 7
106.1516 	EXP 	text: autoDraw = True
106.6347 	EXP 	New trial (rep=8, index=0): <Trial 64 (0 in rep 8) data={'number': 2, 'corrAns': 'j', 'thisN': 64, 'thisTrialN': 0, 'thisRepN': 8}>
106.6502 	EXP 	text: autoDraw = False
106.6502 	EXP 	fix: autoDraw = True
106.6518 	DATA 	Keypress: j
107.1658 	EXP 	fix: autoDraw = False
107.1658 	EXP 	text: height = 0.1
107.1658 	EXP 	text: height = 0.1
107.1658 	EXP 	text: height = 0.1
107.1658 	EXP 	text: text = 2
107.6483 	EXP 	text: autoDraw = True
108.1981 	EXP 	New trial (rep=8, index=1): <Trial 65 (1 in rep 8) data={'number': 4, 'corrAns': 'j', 'thisN': 65, 'thisTrialN': 1, 'thisRepN': 8}>
108.2137 	EXP 	text: autoDraw = False
108.2137 	EXP 	fix: autoDraw = True
108.2155 	DATA 	Keypress: j
108.7126 	EXP 	fix: autoDraw = False
108.7126 	EXP 	fix: autoDraw = False
108.7126 	EXP 	text: height = 0.1
108.7126 	EXP 	text: height = 0.1
108.7126 	EXP 	text: height = 0.1
108.7126 	EXP 	text: text = 4
109.2115 	EXP 	text: autoDraw = True
109.6616 	EXP 	New trial (rep=8, index=2): <Trial 66 (2 in rep 8) data={'number': 8, 'corrAns': 'f', 'thisN': 66, 'thisTrialN': 2, 'thisRepN': 8}>
109.6770 	EXP 	text: autoDraw = False
109.6770 	EXP 	fix: autoDraw = True
109.6786 	DATA 	Keypress: j
110.1761 	EXP 	fix: autoDraw = False
110.1761 	EXP 	fix: autoDraw = False
110.1761 	EXP 	text: height = 0.1
110.1761 	EXP 	text: height = 0.1
110.1761 	EXP 	text: height = 0.1
110.1761 	EXP 	text: text = 8
110.6755 	EXP 	text: autoDraw = True
111.2082 	EXP 	New trial (rep=8, index=3): <Trial 67 (3 in rep 8) data={'number': 3, 'corrAns': 'j', 'thisN': 67, 'thisTrialN': 3, 'thisRepN': 8}>
111.2238 	EXP 	text: autoDraw = False
111.2238 	EXP 	fix: autoDraw = True
111.2253 	DATA 	Keypress: f
111.7393 	EXP 	fix: autoDraw = False
111.7393 	EXP 	text: height = 0.1
111.7393 	EXP 	text: height = 0.1
111.7393 	EXP 	text: height = 0.1
111.7393 	EXP 	text: text = 3
112.2217 	EXP 	text: autoDraw = True
112.6720 	EXP 	New trial (rep=8, index=4): <Trial 68 (4 in rep 8) data={'number': 9, 'corrAns': 'f', 'thisN': 68, 'thisTrialN': 4, 'thisRepN': 8}>
112.6874 	EXP 	text: autoDraw = False
112.6874 	EXP 	fix: autoDraw = True
112.6891 	DATA 	Keypress: j
113.2408 	EXP 	fix: autoDraw = False
113.2408 	EXP 	text: height = 0.1
113.2408 	EXP 	text: height = 0.1
113.2408 	EXP 	text: height = 0.1
113.2408 	EXP 	text: text = 9
113.6852 	EXP 	text: autoDraw = True
114.2353 	EXP 	New trial (rep=8, index=5): <Trial 69 (5 in rep 8) data={'number': 6, 'corrAns': 'f', 'thisN': 69, 'thisTrialN': 5, 'thisRepN': 8}>
114.2506 	EXP 	text: autoDraw = False
114.2506 	EXP 	fix: autoDraw = True
114.2521 	DATA 	Keypress: f
114.7662 	EXP 	fix: autoDraw = False
114.7662 	EXP 	text: height = 0.1
114.7662 	EXP 	text: height = 0.1
114.7662 	EXP 	text: height = 0.1
114.7662 	EXP 	text: text = 6
115.2486 	EXP 	text: autoDraw = True
115.8816 	EXP 	New trial (rep=8, index=6): <Trial 70 (6 in rep 8) data={'number': 1, 'corrAns': 'j', 'thisN': 70, 'thisTrialN': 6, 'thisRepN': 8}>
115.8971 	EXP 	text: autoDraw = False
115.8971 	EXP 	fix: autoDraw = True
115.8986 	DATA 	Keypress: f
116.4126 	EXP 	fix: autoDraw = False
116.4126 	EXP 	text: height = 0.1
116.4126 	EXP 	text: height = 0.1
116.4126 	EXP 	text: height = 0.1
116.4126 	EXP 	text: text = 1
116.8951 	EXP 	text: autoDraw = True
117.3623 	EXP 	New trial (rep=8, index=7): <Trial 71 (7 in rep 8) data={'number': 7, 'corrAns': 'f', 'thisN': 71, 'thisTrialN': 7, 'thisRepN': 8}>
117.3774 	EXP 	text: autoDraw = False
117.3774 	EXP 	fix: autoDraw = True
117.3790 	DATA 	Keypress: j
117.8767 	EXP 	fix: autoDraw = False
117.8767 	EXP 	fix: autoDraw = False
117.8767 	EXP 	text: height = 0.1
117.8767 	EXP 	text: height = 0.1
117.8767 	EXP 	text: height = 0.1
117.8767 	EXP 	text: text = 7
118.3752 	EXP 	text: autoDraw = True
119.0251 	EXP 	New trial (rep=9, index=0): <Trial 72 (0 in rep 9) data={'number': 8, 'corrAns': 'f', 'thisN': 72, 'thisTrialN': 0, 'thisRepN': 9}>
119.0265 	DATA 	Keypress: f
119.0405 	EXP 	text: autoDraw = False
119.0405 	EXP 	fix: autoDraw = True
119.5395 	EXP 	fix: autoDraw = False
119.5395 	EXP 	fix: autoDraw = False
119.5395 	EXP 	text: height = 0.1
119.5395 	EXP 	text: height = 0.1
119.5395 	EXP 	text: height = 0.1
119.5395 	EXP 	text: text = 8
120.0385 	EXP 	text: autoDraw = True
120.5552 	EXP 	New trial (rep=9, index=1): <Trial 73 (1 in rep 9) data={'number': 4, 'corrAns': 'j', 'thisN': 73, 'thisTrialN': 1, 'thisRepN': 9}>
120.5706 	EXP 	text: autoDraw = False
120.5706 	EXP 	fix: autoDraw = True
120.5720 	DATA 	Keypress: f
121.0860 	EXP 	fix: autoDraw = False
121.0860 	EXP 	text: height = 0.1
121.0860 	EXP 	text: height = 0.1
121.0860 	EXP 	text: height = 0.1
121.0860 	EXP 	text: text = 4
121.5685 	EXP 	text: autoDraw = True
122.1184 	EXP 	New trial (rep=9, index=2): <Trial 74 (2 in rep 9) data={'number': 7, 'corrAns': 'f', 'thisN': 74, 'thisTrialN': 2, 'thisRepN': 9}>
122.1341 	EXP 	text: autoDraw = False
122.1341 	EXP 	fix: autoDraw = True
122.1356 	DATA 	Keypress: j
122.6495 	EXP 	fix: autoDraw = False
122.6495 	EXP 	text: height = 0.1
122.6495 	EXP 	text: height = 0.1
122.6495 	EXP 	text: height = 0.1
122.6495 	EXP 	text: text = 7
123.1318 	EXP 	text: autoDraw = True
123.7316 	EXP 	New trial (rep=9, index=3): <Trial 75 (3 in rep 9) data={'number': 3, 'corrAns': 'j', 'thisN': 75, 'thisTrialN': 3, 'thisRepN': 9}>
123.7470 	EXP 	text: autoDraw = False
123.7470 	EXP 	fix: autoDraw = True
123.7486 	DATA 	Keypress: f
124.2460 	EXP 	fix: autoDraw = False
124.2460 	EXP 	fix: autoDraw = False
124.2460 	EXP 	text: height = 0.1
124.2460 	EXP 	text: height = 0.1
124.2460 	EXP 	text: height = 0.1
124.2460 	EXP 	text: text = 3
124.7450 	EXP 	text: autoDraw = True
125.2953 	EXP 	New trial (rep=9, index=4): <Trial 76 (4 in rep 9) data={'number': 6, 'corrAns': 'f', 'thisN': 76, 'thisTrialN': 4, 'thisRepN': 9}>
125.3105 	EXP 	text: autoDraw = False
125.3105 	EXP 	fix: autoDraw = True
125.3122 	DATA 	Keypress: j
125.8260 	EXP 	fix: autoDraw = False
125.8260 	EXP 	text: height = 0.1
125.8260 	EXP 	text: height = 0.1
125.8260 	EXP 	text: height = 0.1
125.8260 	EXP 	text: text = 6
126.3084 	EXP 	text: autoDraw = True
126.9251 	EXP 	New trial (rep=9, index=5): <Trial 77 (5 in rep 9) data={'number': 1, 'corrAns': 'j', 'thisN': 77, 'thisTrialN': 5, 'thisRepN': 9}>
126.9402 	EXP 	text: autoDraw = False
126.9402 	EXP 	fix: autoDraw = True
126.9418 	DATA 	Keypress: f
127.4393 	EXP 	fix: autoDraw = False
127.4393 	EXP 	fix: autoDraw = False
127.4393 	EXP 	text: height = 0.1
127.4393 	EXP 	text: height = 0.1
127.4393 	EXP 	text: height = 0.1
127.4393 	EXP 	text: text = 1
127.9383 	EXP 	text: autoDraw = True
128.4225 	EXP 	New trial (rep=9, index=6): <Trial 78 (6 in rep 9) data={'number': 9, 'corrAns': 'f', 'thisN': 78, 'thisTrialN': 6, 'thisRepN': 9}>
128.4371 	EXP 	text: autoDraw = False
128.4371 	EXP 	fix: autoDraw = True
128.4386 	DATA 	Keypress: j
128.9360 	EXP 	fix: autoDraw = False
128.9360 	EXP 	fix: autoDraw = False
128.9360 	EXP 	text: height = 0.1
128.9360 	EXP 	text: height = 0.1
128.9360 	EXP 	text: height = 0.1
128.9360 	EXP 	text: text = 9
129.4354 	EXP 	text: autoDraw = True
130.0182 	EXP 	New trial (rep=9, index=7): <Trial 79 (7 in rep 9) data={'number': 2, 'corrAns': 'j', 'thisN': 79, 'thisTrialN': 7, 'thisRepN': 9}>
130.0338 	EXP 	text: autoDraw = False
130.0338 	EXP 	fix: autoDraw = True
130.0353 	DATA 	Keypress: f
130.5493 	EXP 	fix: autoDraw = False
130.5493 	EXP 	text: height = 0.1
130.5493 	EXP 	text: height = 0.1
130.5493 	EXP 	text: height = 0.1
130.5493 	EXP 	text: text = 2
131.0317 	EXP 	text: autoDraw = True
131.4493 	EXP 	New trial (rep=10, index=0): <Trial 80 (0 in rep 10) data={'number': 8, 'corrAns': 'f', 'thisN': 80, 'thisTrialN': 0, 'thisRepN': 10}>
131.4640 	EXP 	text: autoDraw = False
131.4640 	EXP 	fix: autoDraw = True
131.4655 	DATA 	Keypress: j
131.9629 	EXP 	fix: autoDraw = False
131.9629 	EXP 	fix: autoDraw = False
131.9629 	EXP 	text: height = 0.1
131.9629 	EXP 	text: height = 0.1
131.9629 	EXP 	text: height = 0.1
131.9629 	EXP 	text: text = 8
132.4618 	EXP 	text: autoDraw = True
132.9619 	EXP 	New trial (rep=10, index=1): <Trial 81 (1 in rep 10) data={'number': 2, 'corrAns': 'j', 'thisN': 81, 'thisTrialN': 1, 'thisRepN': 10}>
132.9772 	EXP 	text: autoDraw = False
132.9772 	EXP 	fix: autoDraw = True
132.9787 	DATA 	Keypress: f
133.4763 	EXP 	fix: autoDraw = False
133.4763 	EXP 	fix: autoDraw = False
133.4763 	EXP 	text: height = 0.1
133.4763 	EXP 	text: height = 0.1
133.4763 	EXP 	text: height = 0.1
133.4763 	EXP 	text: text = 2
133.9753 	EXP 	text: autoDraw = True
134.4587 	EXP 	New trial (rep=10, index=2): <Trial 82 (2 in rep 10) data={'number': 1, 'corrAns': 'j', 'thisN': 82, 'thisTrialN': 2, 'thisRepN': 10}>
134.4742 	EXP 	text: autoDraw = False
134.4742 	EXP 	fix: autoDraw = True
134.4757 	DATA 	Keypress: j
134.9733 	EXP 	fix: autoDraw = False
134.9733 	EXP 	fix: autoDraw = False
134.9733 	EXP 	text: height = 0.1
134.9733 	EXP 	text: height = 0.1
134.9733 	EXP 	text: height = 0.1
134.9733 	EXP 	text: text = 1
135.4724 	EXP 	text: autoDraw = True
136.1384 	EXP 	New trial (rep=10, index=3): <Trial 83 (3 in rep 10) data={'number': 4, 'corrAns': 'j', 'thisN': 83, 'thisTrialN': 3, 'thisRepN': 10}>
136.1539 	EXP 	text: autoDraw = False
136.1539 	EXP 	fix: autoDraw = True
136.1555 	DATA 	Keypress: j
136.6696 	EXP 	fix: autoDraw = False
136.6696 	EXP 	text: height = 0.1
136.6696 	EXP 	text: height = 0.1
136.6696 	EXP 	text: height = 0.1
136.6696 	EXP 	text: text = 4
137.1519 	EXP 	text: autoDraw = True
137.7351 	EXP 	New trial (rep=10, index=4): <Trial 84 (4 in rep 10) data={'number': 6, 'corrAns': 'f', 'thisN': 84, 'thisTrialN': 4, 'thisRepN': 10}>
137.7506 	EXP 	text: autoDraw = False
137.7506 	EXP 	fix: autoDraw = True
137.7521 	DATA 	Keypress: j
138.2499 	EXP 	fix: autoDraw = False
138.2499 	EXP 	fix: autoDraw = False
138.2499 	EXP 	text: height = 0.1
138.2499 	EXP 	text: height = 0.1
138.2499 	EXP 	text: height = 0.1
138.2499 	EXP 	text: text = 6
138.7486 	EXP 	text: autoDraw = True
139.3817 	EXP 	New trial (rep=10, index=5): <Trial 85 (5 in rep 10) data={'number': 9, 'corrAns': 'f', 'thisN': 85, 'thisTrialN': 5, 'thisRepN': 10}>
139.3972 	EXP 	text: autoDraw = False
139.3972 	EXP 	fix: autoDraw = True
139.3988 	DATA 	Keypress: f
139.9126 	EXP 	fix: autoDraw = False
139.9126 	EXP 	text: height = 0.1
139.9126 	EXP 	text: height = 0.1
139.9126 	EXP 	text: height = 0.1
139.9126 	EXP 	text: text = 9
140.3951 	EXP 	text: autoDraw = True
141.2445 	EXP 	New trial (rep=10, index=6): <Trial 86 (6 in rep 10) data={'number': 3, 'corrAns': 'j', 'thisN': 86, 'thisTrialN': 6, 'thisRepN': 10}>
141.2601 	EXP 	text: autoDraw = False
141.2601 	EXP 	fix: autoDraw = True
141.2618 	DATA 	Keypress: f
141.7754 	EXP 	fix: autoDraw = False
141.7754 	EXP 	text: height = 0.1
141.7754 	EXP 	text: height = 0.1
141.7754 	EXP 	text: height = 0.1
141.7754 	EXP 	text: text = 3
142.2579 	EXP 	text: autoDraw = True
143.4062 	EXP 	New trial (rep=10, index=7): <Trial 87 (7 in rep 10) data={'number': 7, 'corrAns': 'f', 'thisN': 87, 'thisTrialN': 7, 'thisRepN': 10}>
143.4221 	EXP 	text: autoDraw = False
143.4221 	EXP 	fix: autoDraw = True
143.4238 	DATA 	Keypress: j
143.9374 	EXP 	fix: autoDraw = False
143.9374 	EXP 	text: height = 0.1
143.9374 	EXP 	text: height = 0.1
143.9374 	EXP 	text: height = 0.1
143.9374 	EXP 	text: text = 7
144.4198 	EXP 	text: autoDraw = True
145.7346 	EXP 	New trial (rep=11, index=0): <Trial 88 (0 in rep 11) data={'number': 4, 'corrAns': 'j', 'thisN': 88, 'thisTrialN': 0, 'thisRepN': 11}>
145.7503 	EXP 	text: autoDraw = False
145.7503 	EXP 	fix: autoDraw = True
145.7519 	DATA 	Keypress: f
146.2658 	EXP 	fix: autoDraw = False
146.2658 	EXP 	text: height = 0.1
146.2658 	EXP 	text: height = 0.1
146.2658 	EXP 	text: height = 0.1
146.2658 	EXP 	text: text = 4
146.7485 	EXP 	text: autoDraw = True
147.4645 	EXP 	New trial (rep=11, index=1): <Trial 89 (1 in rep 11) data={'number': 3, 'corrAns': 'j', 'thisN': 89, 'thisTrialN': 1, 'thisRepN': 11}>
147.4800 	EXP 	text: autoDraw = False
147.4800 	EXP 	fix: autoDraw = True
147.4817 	DATA 	Keypress: j
147.9958 	EXP 	fix: autoDraw = False
147.9958 	EXP 	text: height = 0.1
147.9958 	EXP 	text: height = 0.1
147.9958 	EXP 	text: height = 0.1
147.9958 	EXP 	text: text = 3
148.4778 	EXP 	text: autoDraw = True
148.9945 	EXP 	New trial (rep=11, index=2): <Trial 90 (2 in rep 11) data={'number': 2, 'corrAns': 'j', 'thisN': 90, 'thisTrialN': 2, 'thisRepN': 11}>
149.0098 	EXP 	text: autoDraw = False
149.0098 	EXP 	fix: autoDraw = True
149.0113 	DATA 	Keypress: j
149.5090 	EXP 	fix: autoDraw = False
149.5090 	EXP 	fix: autoDraw = False
149.5090 	EXP 	text: height = 0.1
149.5090 	EXP 	text: height = 0.1
149.5090 	EXP 	text: height = 0.1
149.5090 	EXP 	text: text = 2
150.0079 	EXP 	text: autoDraw = True
150.5748 	EXP 	New trial (rep=11, index=3): <Trial 91 (3 in rep 11) data={'number': 7, 'corrAns': 'f', 'thisN': 91, 'thisTrialN': 3, 'thisRepN': 11}>
150.5900 	EXP 	text: autoDraw = False
150.5900 	EXP 	fix: autoDraw = True
150.5914 	DATA 	Keypress: j
151.1054 	EXP 	fix: autoDraw = False
151.1054 	EXP 	text: height = 0.1
151.1054 	EXP 	text: height = 0.1
151.1054 	EXP 	text: height = 0.1
151.1054 	EXP 	text: text = 7
151.5877 	EXP 	text: autoDraw = True
152.1212 	EXP 	New trial (rep=11, index=4): <Trial 92 (4 in rep 11) data={'number': 1, 'corrAns': 'j', 'thisN': 92, 'thisTrialN': 4, 'thisRepN': 11}>
152.1365 	EXP 	text: autoDraw = False
152.1365 	EXP 	fix: autoDraw = True
152.1381 	DATA 	Keypress: f
152.6356 	EXP 	fix: autoDraw = False
152.6356 	EXP 	fix: autoDraw = False
152.6356 	EXP 	text: height = 0.1
152.6356 	EXP 	text: height = 0.1
152.6356 	EXP 	text: height = 0.1
152.6356 	EXP 	text: text = 1
153.1346 	EXP 	text: autoDraw = True
153.6678 	EXP 	New trial (rep=11, index=5): <Trial 93 (5 in rep 11) data={'number': 9, 'corrAns': 'f', 'thisN': 93, 'thisTrialN': 5, 'thisRepN': 11}>
153.6832 	EXP 	text: autoDraw = False
153.6832 	EXP 	fix: autoDraw = True
153.6847 	DATA 	Keypress: j
154.1822 	EXP 	fix: autoDraw = False
154.1822 	EXP 	fix: autoDraw = False
154.1822 	EXP 	text: height = 0.1
154.1822 	EXP 	text: height = 0.1
154.1822 	EXP 	text: height = 0.1
154.1822 	EXP 	text: text = 9
154.6816 	EXP 	text: autoDraw = True
156.2459 	EXP 	New trial (rep=11, index=6): <Trial 94 (6 in rep 11) data={'number': 6, 'corrAns': 'f', 'thisN': 94, 'thisTrialN': 6, 'thisRepN': 11}>
156.2613 	EXP 	text: autoDraw = False
156.2613 	EXP 	fix: autoDraw = True
156.2630 	DATA 	Keypress: f
156.7767 	EXP 	fix: autoDraw = False
156.7767 	EXP 	text: height = 0.1
156.7767 	EXP 	text: height = 0.1
156.7767 	EXP 	text: height = 0.1
156.7767 	EXP 	text: text = 6
157.2593 	EXP 	text: autoDraw = True
158.0420 	EXP 	New trial (rep=11, index=7): <Trial 95 (7 in rep 11) data={'number': 8, 'corrAns': 'f', 'thisN': 95, 'thisTrialN': 7, 'thisRepN': 11}>
158.0574 	EXP 	text: autoDraw = False
158.0574 	EXP 	fix: autoDraw = True
158.0590 	DATA 	Keypress: f
158.5734 	EXP 	fix: autoDraw = False
158.5734 	EXP 	text: height = 0.1
158.5734 	EXP 	text: height = 0.1
158.5734 	EXP 	text: height = 0.1
158.5734 	EXP 	text: text = 8
159.0552 	EXP 	text: autoDraw = True
159.6553 	EXP 	New trial (rep=12, index=0): <Trial 96 (0 in rep 12) data={'number': 2, 'corrAns': 'j', 'thisN': 96, 'thisTrialN': 0, 'thisRepN': 12}>
159.6709 	EXP 	text: autoDraw = False
159.6709 	EXP 	fix: autoDraw = True
159.6726 	DATA 	Keypress: f
160.1865 	EXP 	fix: autoDraw = False
160.1865 	EXP 	text: height = 0.1
160.1865 	EXP 	text: height = 0.1
160.1865 	EXP 	text: height = 0.1
160.1865 	EXP 	text: text = 2
160.6685 	EXP 	text: autoDraw = True
161.2188 	EXP 	New trial (rep=12, index=1): <Trial 97 (1 in rep 12) data={'number': 9, 'corrAns': 'f', 'thisN': 97, 'thisTrialN': 1, 'thisRepN': 12}>
161.2340 	EXP 	text: autoDraw = False
161.2340 	EXP 	fix: autoDraw = True
161.2356 	DATA 	Keypress: j
161.7495 	EXP 	fix: autoDraw = False
161.7495 	EXP 	text: height = 0.1
161.7495 	EXP 	text: height = 0.1
161.7495 	EXP 	text: height = 0.1
161.7495 	EXP 	text: text = 9
162.2320 	EXP 	text: autoDraw = True
162.9811 	EXP 	New trial (rep=12, index=2): <Trial 98 (2 in rep 12) data={'number': 4, 'corrAns': 'j', 'thisN': 98, 'thisTrialN': 2, 'thisRepN': 12}>
162.9968 	EXP 	text: autoDraw = False
162.9968 	EXP 	fix: autoDraw = True
162.9983 	DATA 	Keypress: f
163.4957 	EXP 	fix: autoDraw = False
163.4957 	EXP 	fix: autoDraw = False
163.4957 	EXP 	text: height = 0.1
163.4957 	EXP 	text: height = 0.1
163.4957 	EXP 	text: height = 0.1
163.4957 	EXP 	text: text = 4
163.9947 	EXP 	text: autoDraw = True
164.5280 	EXP 	New trial (rep=12, index=3): <Trial 99 (3 in rep 12) data={'number': 6, 'corrAns': 'f', 'thisN': 99, 'thisTrialN': 3, 'thisRepN': 12}>
164.5434 	EXP 	text: autoDraw = False
164.5434 	EXP 	fix: autoDraw = True
164.5449 	DATA 	Keypress: j
165.0424 	EXP 	fix: autoDraw = False
165.0424 	EXP 	fix: autoDraw = False
165.0424 	EXP 	text: height = 0.1
165.0424 	EXP 	text: height = 0.1
165.0424 	EXP 	text: height = 0.1
165.0424 	EXP 	text: text = 6
165.5418 	EXP 	text: autoDraw = True
166.1912 	EXP 	New trial (rep=12, index=4): <Trial 100 (4 in rep 12) data={'number': 1, 'corrAns': 'j', 'thisN': 100, 'thisTrialN': 4, 'thisRepN': 12}>
166.2068 	EXP 	text: autoDraw = False
166.2068 	EXP 	fix: autoDraw = True
166.2085 	DATA 	Keypress: f
166.7222 	EXP 	fix: autoDraw = False
166.7222 	EXP 	text: height = 0.1
166.7222 	EXP 	text: height = 0.1
166.7222 	EXP 	text: height = 0.1
166.7222 	EXP 	text: text = 1
167.2046 	EXP 	text: autoDraw = True
167.6733 	EXP 	New trial (rep=12, index=5): <Trial 101 (5 in rep 12) data={'number': 7, 'corrAns': 'f', 'thisN': 101, 'thisTrialN': 5, 'thisRepN': 12}>
167.6871 	EXP 	text: autoDraw = False
167.6871 	EXP 	fix: autoDraw = True
167.6886 	DATA 	Keypress: j
168.2025 	EXP 	fix: autoDraw = False
168.2025 	EXP 	text: height = 0.1
168.2025 	EXP 	text: height = 0.1
168.2025 	EXP 	text: height = 0.1
168.2025 	EXP 	text: text = 7
168.6848 	EXP 	text: autoDraw = True
169.7171 	EXP 	New trial (rep=12, index=6): <Trial 102 (6 in rep 12) data={'number': 3, 'corrAns': 'j', 'thisN': 102, 'thisTrialN': 6, 'thisRepN': 12}>
169.7324 	EXP 	text: autoDraw = False
169.7324 	EXP 	fix: autoDraw = True
169.7338 	DATA 	Keypress: f
170.2314 	EXP 	fix: autoDraw = False
170.2314 	EXP 	fix: autoDraw = False
170.2314 	EXP 	text: height = 0.1
170.2314 	EXP 	text: height = 0.1
170.2314 	EXP 	text: height = 0.1
170.2314 	EXP 	text: text = 3
170.7303 	EXP 	text: autoDraw = True
171.6794 	EXP 	New trial (rep=12, index=7): <Trial 103 (7 in rep 12) data={'number': 8, 'corrAns': 'f', 'thisN': 103, 'thisTrialN': 7, 'thisRepN': 12}>
171.6949 	EXP 	text: autoDraw = False
171.6949 	EXP 	fix: autoDraw = True
171.6964 	DATA 	Keypress: j
172.2105 	EXP 	fix: autoDraw = False
172.2105 	EXP 	text: height = 0.1
172.2105 	EXP 	text: height = 0.1
172.2105 	EXP 	text: height = 0.1
172.2105 	EXP 	text: text = 8
172.6928 	EXP 	text: autoDraw = True
173.4256 	EXP 	New trial (rep=13, index=0): <Trial 104 (0 in rep 13) data={'number': 3, 'corrAns': 'j', 'thisN': 104, 'thisTrialN': 0, 'thisRepN': 13}>
173.4412 	EXP 	text: autoDraw = False
173.4412 	EXP 	fix: autoDraw = True
173.4427 	DATA 	Keypress: f
173.9406 	EXP 	fix: autoDraw = False
173.9406 	EXP 	fix: autoDraw = False
173.9406 	EXP 	text: height = 0.1
173.9406 	EXP 	text: height = 0.1
173.9406 	EXP 	text: height = 0.1
173.9406 	EXP 	text: text = 3
174.4391 	EXP 	text: autoDraw = True
175.0055 	EXP 	New trial (rep=13, index=1): <Trial 105 (1 in rep 13) data={'number': 2, 'corrAns': 'j', 'thisN': 105, 'thisTrialN': 1, 'thisRepN': 13}>
175.0212 	EXP 	text: autoDraw = False
175.0212 	EXP 	fix: autoDraw = True
175.0227 	DATA 	Keypress: j
175.5372 	EXP 	fix: autoDraw = False
175.5372 	EXP 	text: height = 0.1
175.5372 	EXP 	text: height = 0.1
175.5372 	EXP 	text: height = 0.1
175.5372 	EXP 	text: text = 2
176.0191 	EXP 	text: autoDraw = True
176.6692 	EXP 	New trial (rep=13, index=2): <Trial 106 (2 in rep 13) data={'number': 7, 'corrAns': 'f', 'thisN': 106, 'thisTrialN': 2, 'thisRepN': 13}>
176.6845 	EXP 	text: autoDraw = False
176.6845 	EXP 	fix: autoDraw = True
176.6861 	DATA 	Keypress: j
177.1999 	EXP 	fix: autoDraw = False
177.1999 	EXP 	text: height = 0.1
177.1999 	EXP 	text: height = 0.1
177.1999 	EXP 	text: height = 0.1
177.1999 	EXP 	text: text = 7
177.6821 	EXP 	text: autoDraw = True
178.5150 	EXP 	New trial (rep=13, index=3): <Trial 107 (3 in rep 13) data={'number': 8, 'corrAns': 'f', 'thisN': 107, 'thisTrialN': 3, 'thisRepN': 13}>
178.5304 	EXP 	text: autoDraw = False
178.5304 	EXP 	fix: autoDraw = True
178.5321 	DATA 	Keypress: f
179.0294 	EXP 	fix: autoDraw = False
179.0294 	EXP 	fix: autoDraw = False
179.0294 	EXP 	text: height = 0.1
179.0294 	EXP 	text: height = 0.1
179.0294 	EXP 	text: height = 0.1
179.0294 	EXP 	text: text = 8
179.5285 	EXP 	text: autoDraw = True
180.1114 	EXP 	New trial (rep=13, index=4): <Trial 108 (4 in rep 13) data={'number': 9, 'corrAns': 'f', 'thisN': 108, 'thisTrialN': 4, 'thisRepN': 13}>
180.1270 	EXP 	text: autoDraw = False
180.1270 	EXP 	fix: autoDraw = True
180.1285 	DATA 	Keypress: f
180.6260 	EXP 	fix: autoDraw = False
180.6260 	EXP 	fix: autoDraw = False
180.6260 	EXP 	text: height = 0.1
180.6260 	EXP 	text: height = 0.1
180.6260 	EXP 	text: height = 0.1
180.6260 	EXP 	text: text = 9
181.1250 	EXP 	text: autoDraw = True
181.6250 	EXP 	New trial (rep=13, index=5): <Trial 109 (5 in rep 13) data={'number': 6, 'corrAns': 'f', 'thisN': 109, 'thisTrialN': 5, 'thisRepN': 13}>
181.6407 	EXP 	text: autoDraw = False
181.6407 	EXP 	fix: autoDraw = True
181.6423 	DATA 	Keypress: f
182.1560 	EXP 	fix: autoDraw = False
182.1560 	EXP 	text: height = 0.1
182.1560 	EXP 	text: height = 0.1
182.1560 	EXP 	text: height = 0.1
182.1560 	EXP 	text: text = 6
182.6384 	EXP 	text: autoDraw = True
183.2047 	EXP 	New trial (rep=13, index=6): <Trial 110 (6 in rep 13) data={'number': 4, 'corrAns': 'j', 'thisN': 110, 'thisTrialN': 6, 'thisRepN': 13}>
183.2204 	EXP 	text: autoDraw = False
183.2204 	EXP 	fix: autoDraw = True
183.2220 	DATA 	Keypress: f
183.7194 	EXP 	fix: autoDraw = False
183.7194 	EXP 	fix: autoDraw = False
183.7194 	EXP 	text: height = 0.1
183.7194 	EXP 	text: height = 0.1
183.7194 	EXP 	text: height = 0.1
183.7194 	EXP 	text: text = 4
184.2183 	EXP 	text: autoDraw = True
184.7514 	EXP 	New trial (rep=13, index=7): <Trial 111 (7 in rep 13) data={'number': 1, 'corrAns': 'j', 'thisN': 111, 'thisTrialN': 7, 'thisRepN': 13}>
184.7671 	EXP 	text: autoDraw = False
184.7671 	EXP 	fix: autoDraw = True
184.7686 	DATA 	Keypress: j
185.2662 	EXP 	fix: autoDraw = False
185.2662 	EXP 	fix: autoDraw = False
185.2662 	EXP 	text: height = 0.1
185.2662 	EXP 	text: height = 0.1
185.2662 	EXP 	text: height = 0.1
185.2662 	EXP 	text: text = 1
185.7650 	EXP 	text: autoDraw = True
186.2823 	EXP 	New trial (rep=14, index=0): <Trial 112 (0 in rep 14) data={'number': 6, 'corrAns': 'f', 'thisN': 112, 'thisTrialN': 0, 'thisRepN': 14}>
186.2972 	EXP 	text: autoDraw = False
186.2972 	EXP 	fix: autoDraw = True
186.2989 	DATA 	Keypress: j
186.7961 	EXP 	fix: autoDraw = False
186.7961 	EXP 	fix: autoDraw = False
186.7961 	EXP 	text: height = 0.1
186.7961 	EXP 	text: height = 0.1
186.7961 	EXP 	text: height = 0.1
186.7961 	EXP 	text: text = 6
187.2953 	EXP 	text: autoDraw = True
188.1113 	EXP 	New trial (rep=14, index=1): <Trial 113 (1 in rep 14) data={'number': 9, 'corrAns': 'f', 'thisN': 113, 'thisTrialN': 1, 'thisRepN': 14}>
188.1268 	EXP 	text: autoDraw = False
188.1268 	EXP 	fix: autoDraw = True
188.1285 	DATA 	Keypress: f
188.6256 	EXP 	fix: autoDraw = False
188.6256 	EXP 	fix: autoDraw = False
188.6256 	EXP 	text: height = 0.1
188.6256 	EXP 	text: height = 0.1
188.6256 	EXP 	text: height = 0.1
188.6256 	EXP 	text: text = 9
189.1247 	EXP 	text: autoDraw = True
189.8411 	EXP 	New trial (rep=14, index=2): <Trial 114 (2 in rep 14) data={'number': 1, 'corrAns': 'j', 'thisN': 114, 'thisTrialN': 2, 'thisRepN': 14}>
189.8564 	EXP 	text: autoDraw = False
189.8564 	EXP 	fix: autoDraw = True
189.8581 	DATA 	Keypress: f
190.3718 	EXP 	fix: autoDraw = False
190.3718 	EXP 	text: height = 0.1
190.3718 	EXP 	text: height = 0.1
190.3718 	EXP 	text: height = 0.1
190.3718 	EXP 	text: text = 1
190.8542 	EXP 	text: autoDraw = True
191.3212 	EXP 	New trial (rep=14, index=3): <Trial 115 (3 in rep 14) data={'number': 4, 'corrAns': 'j', 'thisN': 115, 'thisTrialN': 3, 'thisRepN': 14}>
191.3368 	EXP 	text: autoDraw = False
191.3368 	EXP 	fix: autoDraw = True
191.3384 	DATA 	Keypress: j
191.8519 	EXP 	fix: autoDraw = False
191.8519 	EXP 	text: height = 0.1
191.8519 	EXP 	text: height = 0.1
191.8519 	EXP 	text: height = 0.1
191.8519 	EXP 	text: text = 4
192.3343 	EXP 	text: autoDraw = True
192.9008 	EXP 	New trial (rep=14, index=4): <Trial 116 (4 in rep 14) data={'number': 3, 'corrAns': 'j', 'thisN': 116, 'thisTrialN': 4, 'thisRepN': 14}>
192.9164 	EXP 	text: autoDraw = False
192.9164 	EXP 	fix: autoDraw = True
192.9178 	DATA 	Keypress: j
193.4153 	EXP 	fix: autoDraw = False
193.4153 	EXP 	fix: autoDraw = False
193.4153 	EXP 	text: height = 0.1
193.4153 	EXP 	text: height = 0.1
193.4153 	EXP 	text: height = 0.1
193.4153 	EXP 	text: text = 3
193.9143 	EXP 	text: autoDraw = True
194.4640 	EXP 	New trial (rep=14, index=5): <Trial 117 (5 in rep 14) data={'number': 2, 'corrAns': 'j', 'thisN': 117, 'thisTrialN': 5, 'thisRepN': 14}>
194.4796 	EXP 	text: autoDraw = False
194.4796 	EXP 	fix: autoDraw = True
194.4813 	DATA 	Keypress: j
194.9788 	EXP 	fix: autoDraw = False
194.9788 	EXP 	fix: autoDraw = False
194.9788 	EXP 	text: height = 0.1
194.9788 	EXP 	text: height = 0.1
194.9788 	EXP 	text: height = 0.1
194.9788 	EXP 	text: text = 2
195.4779 	EXP 	text: autoDraw = True
195.9111 	EXP 	New trial (rep=14, index=6): <Trial 118 (6 in rep 14) data={'number': 8, 'corrAns': 'f', 'thisN': 118, 'thisTrialN': 6, 'thisRepN': 14}>
195.9266 	EXP 	text: autoDraw = False
195.9266 	EXP 	fix: autoDraw = True
195.9281 	DATA 	Keypress: j
196.4256 	EXP 	fix: autoDraw = False
196.4256 	EXP 	fix: autoDraw = False
196.4256 	EXP 	text: height = 0.1
196.4256 	EXP 	text: height = 0.1
196.4256 	EXP 	text: height = 0.1
196.4256 	EXP 	text: text = 8
196.9250 	EXP 	text: autoDraw = True
197.5090 	EXP 	New trial (rep=14, index=7): <Trial 119 (7 in rep 14) data={'number': 7, 'corrAns': 'f', 'thisN': 119, 'thisTrialN': 7, 'thisRepN': 14}>
197.5235 	EXP 	text: autoDraw = False
197.5235 	EXP 	fix: autoDraw = True
197.5254 	DATA 	Keypress: f
198.0387 	EXP 	fix: autoDraw = False
198.0387 	EXP 	text: height = 0.1
198.0387 	EXP 	text: height = 0.1
198.0387 	EXP 	text: height = 0.1
198.0387 	EXP 	text: text = 7
198.5212 	EXP 	text: autoDraw = True
199.1041 	EXP 	New trial (rep=15, index=0): <Trial 120 (0 in rep 15) data={'number': 2, 'corrAns': 'j', 'thisN': 120, 'thisTrialN': 0, 'thisRepN': 15}>
199.1200 	EXP 	text: autoDraw = False
199.1200 	EXP 	fix: autoDraw = True
199.1217 	DATA 	Keypress: f
199.6356 	EXP 	fix: autoDraw = False
199.6356 	EXP 	text: height = 0.1
199.6356 	EXP 	text: height = 0.1
199.6356 	EXP 	text: height = 0.1
199.6356 	EXP 	text: text = 2
200.1177 	EXP 	text: autoDraw = True
200.7673 	EXP 	New trial (rep=15, index=1): <Trial 121 (1 in rep 15) data={'number': 1, 'corrAns': 'j', 'thisN': 121, 'thisTrialN': 1, 'thisRepN': 15}>
200.7832 	EXP 	text: autoDraw = False
200.7832 	EXP 	fix: autoDraw = True
200.7847 	DATA 	Keypress: j
201.2993 	EXP 	fix: autoDraw = False
201.2993 	EXP 	text: height = 0.1
201.2993 	EXP 	text: height = 0.1
201.2993 	EXP 	text: height = 0.1
201.2993 	EXP 	text: text = 1
201.7808 	EXP 	text: autoDraw = True
202.3808 	EXP 	New trial (rep=15, index=2): <Trial 122 (2 in rep 15) data={'number': 7, 'corrAns': 'f', 'thisN': 122, 'thisTrialN': 2, 'thisRepN': 15}>
202.3963 	EXP 	text: autoDraw = False
202.3963 	EXP 	fix: autoDraw = True
202.3981 	DATA 	Keypress: j
202.9117 	EXP 	fix: autoDraw = False
202.9117 	EXP 	text: height = 0.1
202.9117 	EXP 	text: height = 0.1
202.9117 	EXP 	text: height = 0.1
202.9117 	EXP 	text: text = 7
203.3942 	EXP 	text: autoDraw = True
203.9608 	EXP 	New trial (rep=15, index=3): <Trial 123 (3 in rep 15) data={'number': 8, 'corrAns': 'f', 'thisN': 123, 'thisTrialN': 3, 'thisRepN': 15}>
203.9760 	EXP 	text: autoDraw = False
203.9760 	EXP 	fix: autoDraw = True
203.9776 	DATA 	Keypress: f
204.4749 	EXP 	fix: autoDraw = False
204.4749 	EXP 	fix: autoDraw = False
204.4749 	EXP 	text: height = 0.1
204.4749 	EXP 	text: height = 0.1
204.4749 	EXP 	text: height = 0.1
204.4749 	EXP 	text: text = 8
204.9741 	EXP 	text: autoDraw = True
205.5576 	EXP 	New trial (rep=15, index=4): <Trial 124 (4 in rep 15) data={'number': 9, 'corrAns': 'f', 'thisN': 124, 'thisTrialN': 4, 'thisRepN': 15}>
205.5730 	EXP 	text: autoDraw = False
205.5730 	EXP 	fix: autoDraw = True
205.5753 	DATA 	Keypress: f
206.0719 	EXP 	fix: autoDraw = False
206.0719 	EXP 	fix: autoDraw = False
206.0719 	EXP 	text: height = 0.1
206.0719 	EXP 	text: height = 0.1
206.0719 	EXP 	text: height = 0.1
206.0719 	EXP 	text: text = 9
206.5709 	EXP 	text: autoDraw = True
207.1537 	EXP 	New trial (rep=15, index=5): <Trial 125 (5 in rep 15) data={'number': 6, 'corrAns': 'f', 'thisN': 125, 'thisTrialN': 5, 'thisRepN': 15}>
207.1694 	EXP 	text: autoDraw = False
207.1694 	EXP 	fix: autoDraw = True
207.1709 	DATA 	Keypress: f
207.6688 	EXP 	fix: autoDraw = False
207.6688 	EXP 	fix: autoDraw = False
207.6688 	EXP 	text: height = 0.1
207.6688 	EXP 	text: height = 0.1
207.6688 	EXP 	text: height = 0.1
207.6688 	EXP 	text: text = 6
208.1673 	EXP 	text: autoDraw = True
209.0336 	EXP 	New trial (rep=15, index=6): <Trial 126 (6 in rep 15) data={'number': 4, 'corrAns': 'j', 'thisN': 126, 'thisTrialN': 6, 'thisRepN': 15}>
209.0488 	EXP 	text: autoDraw = False
209.0488 	EXP 	fix: autoDraw = True
209.0505 	DATA 	Keypress: f
209.5477 	EXP 	fix: autoDraw = False
209.5477 	EXP 	fix: autoDraw = False
209.5477 	EXP 	text: height = 0.1
209.5477 	EXP 	text: height = 0.1
209.5477 	EXP 	text: height = 0.1
209.5477 	EXP 	text: text = 4
210.0467 	EXP 	text: autoDraw = True
210.7961 	EXP 	New trial (rep=15, index=7): <Trial 127 (7 in rep 15) data={'number': 3, 'corrAns': 'j', 'thisN': 127, 'thisTrialN': 7, 'thisRepN': 15}>
210.8116 	EXP 	text: autoDraw = False
210.8116 	EXP 	fix: autoDraw = True
210.8132 	DATA 	Keypress: j
211.3274 	EXP 	fix: autoDraw = False
211.3274 	EXP 	text: height = 0.1
211.3274 	EXP 	text: height = 0.1
211.3274 	EXP 	text: height = 0.1
211.3274 	EXP 	text: text = 3
211.8097 	EXP 	text: autoDraw = True
212.4262 	EXP 	New trial (rep=16, index=0): <Trial 128 (0 in rep 16) data={'number': 1, 'corrAns': 'j', 'thisN': 128, 'thisTrialN': 0, 'thisRepN': 16}>
212.4416 	EXP 	text: autoDraw = False
212.4416 	EXP 	fix: autoDraw = True
212.4432 	DATA 	Keypress: j
212.9406 	EXP 	fix: autoDraw = False
212.9406 	EXP 	fix: autoDraw = False
212.9406 	EXP 	text: height = 0.1
212.9406 	EXP 	text: height = 0.1
212.9406 	EXP 	text: height = 0.1
212.9406 	EXP 	text: text = 1
213.4393 	EXP 	text: autoDraw = True
213.9727 	EXP 	New trial (rep=16, index=1): <Trial 129 (1 in rep 16) data={'number': 9, 'corrAns': 'f', 'thisN': 129, 'thisTrialN': 1, 'thisRepN': 16}>
213.9881 	EXP 	text: autoDraw = False
213.9881 	EXP 	fix: autoDraw = True
213.9896 	DATA 	Keypress: j
214.5037 	EXP 	fix: autoDraw = False
214.5037 	EXP 	text: height = 0.1
214.5037 	EXP 	text: height = 0.1
214.5037 	EXP 	text: height = 0.1
214.5037 	EXP 	text: text = 9
214.9861 	EXP 	text: autoDraw = True
215.5862 	EXP 	New trial (rep=16, index=2): <Trial 130 (2 in rep 16) data={'number': 4, 'corrAns': 'j', 'thisN': 130, 'thisTrialN': 2, 'thisRepN': 16}>
215.6016 	EXP 	text: autoDraw = False
215.6016 	EXP 	fix: autoDraw = True
215.6034 	DATA 	Keypress: f
216.1168 	EXP 	fix: autoDraw = False
216.1168 	EXP 	text: height = 0.1
216.1168 	EXP 	text: height = 0.1
216.1168 	EXP 	text: height = 0.1
216.1168 	EXP 	text: text = 4
216.5994 	EXP 	text: autoDraw = True
217.4819 	EXP 	New trial (rep=16, index=3): <Trial 131 (3 in rep 16) data={'number': 3, 'corrAns': 'j', 'thisN': 131, 'thisTrialN': 3, 'thisRepN': 16}>
217.4972 	EXP 	text: autoDraw = False
217.4972 	EXP 	fix: autoDraw = True
217.4987 	DATA 	Keypress: j
217.9962 	EXP 	fix: autoDraw = False
217.9962 	EXP 	fix: autoDraw = False
217.9962 	EXP 	text: height = 0.1
217.9962 	EXP 	text: height = 0.1
217.9962 	EXP 	text: height = 0.1
217.9962 	EXP 	text: text = 3
218.4954 	EXP 	text: autoDraw = True
219.0454 	EXP 	New trial (rep=16, index=4): <Trial 132 (4 in rep 16) data={'number': 8, 'corrAns': 'f', 'thisN': 132, 'thisTrialN': 4, 'thisRepN': 16}>
219.0607 	EXP 	text: autoDraw = False
219.0607 	EXP 	fix: autoDraw = True
219.0622 	DATA 	Keypress: j
219.5605 	EXP 	fix: autoDraw = False
219.5605 	EXP 	fix: autoDraw = False
219.5605 	EXP 	text: height = 0.1
219.5605 	EXP 	text: height = 0.1
219.5605 	EXP 	text: height = 0.1
219.5605 	EXP 	text: text = 8
220.0587 	EXP 	text: autoDraw = True
220.5419 	EXP 	New trial (rep=16, index=5): <Trial 133 (5 in rep 16) data={'number': 6, 'corrAns': 'f', 'thisN': 133, 'thisTrialN': 5, 'thisRepN': 16}>
220.5585 	EXP 	text: autoDraw = False
220.5585 	EXP 	fix: autoDraw = True
220.5601 	DATA 	Keypress: f
221.0730 	EXP 	fix: autoDraw = False
221.0730 	EXP 	text: height = 0.1
221.0730 	EXP 	text: height = 0.1
221.0730 	EXP 	text: height = 0.1
221.0730 	EXP 	text: text = 6
221.5555 	EXP 	text: autoDraw = True
222.2385 	EXP 	New trial (rep=16, index=6): <Trial 134 (6 in rep 16) data={'number': 7, 'corrAns': 'f', 'thisN': 134, 'thisTrialN': 6, 'thisRepN': 16}>
222.2541 	EXP 	text: autoDraw = False
222.2541 	EXP 	fix: autoDraw = True
222.2558 	DATA 	Keypress: f
222.7696 	EXP 	fix: autoDraw = False
222.7696 	EXP 	text: height = 0.1
222.7696 	EXP 	text: height = 0.1
222.7696 	EXP 	text: height = 0.1
222.7696 	EXP 	text: text = 7
223.2518 	EXP 	text: autoDraw = True
223.8518 	EXP 	New trial (rep=16, index=7): <Trial 135 (7 in rep 16) data={'number': 2, 'corrAns': 'j', 'thisN': 135, 'thisTrialN': 7, 'thisRepN': 16}>
223.8671 	EXP 	text: autoDraw = False
223.8671 	EXP 	fix: autoDraw = True
223.8687 	DATA 	Keypress: f
224.3659 	EXP 	fix: autoDraw = False
224.3659 	EXP 	fix: autoDraw = False
224.3659 	EXP 	text: height = 0.1
224.3659 	EXP 	text: height = 0.1
224.3659 	EXP 	text: height = 0.1
224.3659 	EXP 	text: text = 2
224.8650 	EXP 	text: autoDraw = True
225.3982 	EXP 	New trial (rep=17, index=0): <Trial 136 (0 in rep 17) data={'number': 2, 'corrAns': 'j', 'thisN': 136, 'thisTrialN': 0, 'thisRepN': 17}>
225.4139 	EXP 	text: autoDraw = False
225.4139 	EXP 	fix: autoDraw = True
225.4154 	DATA 	Keypress: j
225.9294 	EXP 	fix: autoDraw = False
225.9294 	EXP 	text: height = 0.1
225.9294 	EXP 	text: height = 0.1
225.9294 	EXP 	text: height = 0.1
225.9294 	EXP 	text: text = 2
226.4118 	EXP 	text: autoDraw = True
226.8623 	EXP 	New trial (rep=17, index=1): <Trial 137 (1 in rep 17) data={'number': 4, 'corrAns': 'j', 'thisN': 137, 'thisTrialN': 1, 'thisRepN': 17}>
226.8773 	EXP 	text: autoDraw = False
226.8773 	EXP 	fix: autoDraw = True
226.8788 	DATA 	Keypress: j
227.3929 	EXP 	fix: autoDraw = False
227.3929 	EXP 	text: height = 0.1
227.3929 	EXP 	text: height = 0.1
227.3929 	EXP 	text: height = 0.1
227.3929 	EXP 	text: text = 4
227.8752 	EXP 	text: autoDraw = True
228.3089 	EXP 	New trial (rep=17, index=2): <Trial 138 (2 in rep 17) data={'number': 8, 'corrAns': 'f', 'thisN': 138, 'thisTrialN': 2, 'thisRepN': 17}>
228.3243 	EXP 	text: autoDraw = False
228.3243 	EXP 	fix: autoDraw = True
228.3257 	DATA 	Keypress: j
228.8232 	EXP 	fix: autoDraw = False
228.8232 	EXP 	fix: autoDraw = False
228.8232 	EXP 	text: height = 0.1
228.8232 	EXP 	text: height = 0.1
228.8232 	EXP 	text: height = 0.1
228.8232 	EXP 	text: text = 8
229.3221 	EXP 	text: autoDraw = True
229.8232 	EXP 	New trial (rep=17, index=3): <Trial 139 (3 in rep 17) data={'number': 1, 'corrAns': 'j', 'thisN': 139, 'thisTrialN': 3, 'thisRepN': 17}>
229.8379 	EXP 	text: autoDraw = False
229.8379 	EXP 	fix: autoDraw = True
229.8395 	DATA 	Keypress: f
230.3533 	EXP 	fix: autoDraw = False
230.3533 	EXP 	text: height = 0.1
230.3533 	EXP 	text: height = 0.1
230.3533 	EXP 	text: height = 0.1
230.3533 	EXP 	text: text = 1
230.8357 	EXP 	text: autoDraw = True
231.3687 	EXP 	New trial (rep=17, index=4): <Trial 140 (4 in rep 17) data={'number': 6, 'corrAns': 'f', 'thisN': 140, 'thisTrialN': 4, 'thisRepN': 17}>
231.3845 	EXP 	text: autoDraw = False
231.3845 	EXP 	fix: autoDraw = True
231.3864 	DATA 	Keypress: j
231.8999 	EXP 	fix: autoDraw = False
231.8999 	EXP 	text: height = 0.1
231.8999 	EXP 	text: height = 0.1
231.8999 	EXP 	text: height = 0.1
231.8999 	EXP 	text: text = 6
232.3823 	EXP 	text: autoDraw = True
232.9322 	EXP 	New trial (rep=17, index=5): <Trial 141 (5 in rep 17) data={'number': 9, 'corrAns': 'f', 'thisN': 141, 'thisTrialN': 5, 'thisRepN': 17}>
232.9479 	EXP 	text: autoDraw = False
232.9479 	EXP 	fix: autoDraw = True
232.9494 	DATA 	Keypress: f
233.4468 	EXP 	fix: autoDraw = False
233.4468 	EXP 	fix: autoDraw = False
233.4468 	EXP 	text: height = 0.1
233.4468 	EXP 	text: height = 0.1
233.4468 	EXP 	text: height = 0.1
233.4468 	EXP 	text: text = 9
233.9457 	EXP 	text: autoDraw = True
234.4625 	EXP 	New trial (rep=17, index=6): <Trial 142 (6 in rep 17) data={'number': 3, 'corrAns': 'j', 'thisN': 142, 'thisTrialN': 6, 'thisRepN': 17}>
234.4782 	EXP 	text: autoDraw = False
234.4782 	EXP 	fix: autoDraw = True
234.4798 	DATA 	Keypress: f
234.9770 	EXP 	fix: autoDraw = False
234.9770 	EXP 	fix: autoDraw = False
234.9770 	EXP 	text: height = 0.1
234.9770 	EXP 	text: height = 0.1
234.9770 	EXP 	text: height = 0.1
234.9770 	EXP 	text: text = 3
235.4759 	EXP 	text: autoDraw = True
235.9757 	EXP 	New trial (rep=17, index=7): <Trial 143 (7 in rep 17) data={'number': 7, 'corrAns': 'f', 'thisN': 143, 'thisTrialN': 7, 'thisRepN': 17}>
235.9914 	EXP 	text: autoDraw = False
235.9914 	EXP 	fix: autoDraw = True
235.9929 	DATA 	Keypress: j
236.5068 	EXP 	fix: autoDraw = False
236.5068 	EXP 	text: height = 0.1
236.5068 	EXP 	text: height = 0.1
236.5068 	EXP 	text: height = 0.1
236.5068 	EXP 	text: text = 7
236.9892 	EXP 	text: autoDraw = True
237.6391 	EXP 	New trial (rep=18, index=0): <Trial 144 (0 in rep 18) data={'number': 2, 'corrAns': 'j', 'thisN': 144, 'thisTrialN': 0, 'thisRepN': 18}>
237.6546 	EXP 	text: autoDraw = False
237.6546 	EXP 	fix: autoDraw = True
237.6561 	DATA 	Keypress: f
238.1701 	EXP 	fix: autoDraw = False
238.1701 	EXP 	text: height = 0.1
238.1701 	EXP 	text: height = 0.1
238.1701 	EXP 	text: height = 0.1
238.1701 	EXP 	text: text = 2
238.6525 	EXP 	text: autoDraw = True
239.2696 	EXP 	New trial (rep=18, index=1): <Trial 145 (1 in rep 18) data={'number': 1, 'corrAns': 'j', 'thisN': 145, 'thisTrialN': 1, 'thisRepN': 18}>
239.2842 	EXP 	text: autoDraw = False
239.2842 	EXP 	fix: autoDraw = True
239.2859 	DATA 	Keypress: j
239.7832 	EXP 	fix: autoDraw = False
239.7832 	EXP 	fix: autoDraw = False
239.7832 	EXP 	text: height = 0.1
239.7832 	EXP 	text: height = 0.1
239.7832 	EXP 	text: height = 0.1
239.7832 	EXP 	text: text = 1
240.2823 	EXP 	text: autoDraw = True
241.1316 	EXP 	New trial (rep=18, index=2): <Trial 146 (2 in rep 18) data={'number': 3, 'corrAns': 'j', 'thisN': 146, 'thisTrialN': 2, 'thisRepN': 18}>
241.1469 	EXP 	text: autoDraw = False
241.1469 	EXP 	fix: autoDraw = True
241.1485 	DATA 	Keypress: j
241.6461 	EXP 	fix: autoDraw = False
241.6461 	EXP 	fix: autoDraw = False
241.6461 	EXP 	text: height = 0.1
241.6461 	EXP 	text: height = 0.1
241.6461 	EXP 	text: height = 0.1
241.6461 	EXP 	text: text = 3
242.1449 	EXP 	text: autoDraw = True
242.9112 	EXP 	New trial (rep=18, index=3): <Trial 147 (3 in rep 18) data={'number': 7, 'corrAns': 'f', 'thisN': 147, 'thisTrialN': 3, 'thisRepN': 18}>
242.9264 	EXP 	text: autoDraw = False
242.9264 	EXP 	fix: autoDraw = True
242.9279 	DATA 	Keypress: j
243.4253 	EXP 	fix: autoDraw = False
243.4253 	EXP 	fix: autoDraw = False
243.4253 	EXP 	text: height = 0.1
243.4253 	EXP 	text: height = 0.1
243.4253 	EXP 	text: height = 0.1
243.4253 	EXP 	text: text = 7
243.9243 	EXP 	text: autoDraw = True
244.6076 	EXP 	New trial (rep=18, index=4): <Trial 148 (4 in rep 18) data={'number': 9, 'corrAns': 'f', 'thisN': 148, 'thisTrialN': 4, 'thisRepN': 18}>
244.6094 	DATA 	Keypress: f
244.6229 	EXP 	text: autoDraw = False
244.6229 	EXP 	fix: autoDraw = True
245.1217 	EXP 	fix: autoDraw = False
245.1217 	EXP 	fix: autoDraw = False
245.1217 	EXP 	text: height = 0.1
245.1217 	EXP 	text: height = 0.1
245.1217 	EXP 	text: height = 0.1
245.1217 	EXP 	text: text = 9
245.6208 	EXP 	text: autoDraw = True
246.2370 	EXP 	New trial (rep=18, index=5): <Trial 149 (5 in rep 18) data={'number': 8, 'corrAns': 'f', 'thisN': 149, 'thisTrialN': 5, 'thisRepN': 18}>
246.2528 	EXP 	text: autoDraw = False
246.2528 	EXP 	fix: autoDraw = True
246.2544 	DATA 	Keypress: f
246.7684 	EXP 	fix: autoDraw = False
246.7684 	EXP 	text: height = 0.1
246.7684 	EXP 	text: height = 0.1
246.7684 	EXP 	text: height = 0.1
246.7684 	EXP 	text: text = 8
247.2506 	EXP 	text: autoDraw = True
248.0002 	EXP 	New trial (rep=18, index=6): <Trial 150 (6 in rep 18) data={'number': 4, 'corrAns': 'j', 'thisN': 150, 'thisTrialN': 6, 'thisRepN': 18}>
248.0158 	EXP 	text: autoDraw = False
248.0158 	EXP 	fix: autoDraw = True
248.0176 	DATA 	Keypress: f
248.5313 	EXP 	fix: autoDraw = False
248.5313 	EXP 	text: height = 0.1
248.5313 	EXP 	text: height = 0.1
248.5313 	EXP 	text: height = 0.1
248.5313 	EXP 	text: text = 4
249.0136 	EXP 	text: autoDraw = True
249.8128 	EXP 	New trial (rep=18, index=7): <Trial 151 (7 in rep 18) data={'number': 6, 'corrAns': 'f', 'thisN': 151, 'thisTrialN': 7, 'thisRepN': 18}>
249.8285 	EXP 	text: autoDraw = False
249.8285 	EXP 	fix: autoDraw = True
249.8299 	DATA 	Keypress: j
250.3276 	EXP 	fix: autoDraw = False
250.3276 	EXP 	fix: autoDraw = False
250.3276 	EXP 	text: height = 0.1
250.3276 	EXP 	text: height = 0.1
250.3276 	EXP 	text: height = 0.1
250.3276 	EXP 	text: text = 6
250.8265 	EXP 	text: autoDraw = True
251.6259 	EXP 	New trial (rep=19, index=0): <Trial 152 (0 in rep 19) data={'number': 9, 'corrAns': 'f', 'thisN': 152, 'thisTrialN': 0, 'thisRepN': 19}>
251.6413 	EXP 	text: autoDraw = False
251.6413 	EXP 	fix: autoDraw = True
251.6430 	DATA 	Keypress: f
252.1567 	EXP 	fix: autoDraw = False
252.1567 	EXP 	text: height = 0.1
252.1567 	EXP 	text: height = 0.1
252.1567 	EXP 	text: height = 0.1
252.1567 	EXP 	text: text = 9
252.6395 	EXP 	text: autoDraw = True
253.3721 	EXP 	New trial (rep=19, index=1): <Trial 153 (1 in rep 19) data={'number': 4, 'corrAns': 'j', 'thisN': 153, 'thisTrialN': 1, 'thisRepN': 19}>
253.3878 	EXP 	text: autoDraw = False
253.3878 	EXP 	fix: autoDraw = True
253.3894 	DATA 	Keypress: f
253.9032 	EXP 	fix: autoDraw = False
253.9032 	EXP 	text: height = 0.1
253.9032 	EXP 	text: height = 0.1
253.9032 	EXP 	text: height = 0.1
253.9032 	EXP 	text: text = 4
254.3856 	EXP 	text: autoDraw = True
255.0186 	EXP 	New trial (rep=19, index=2): <Trial 154 (2 in rep 19) data={'number': 6, 'corrAns': 'f', 'thisN': 154, 'thisTrialN': 2, 'thisRepN': 19}>
255.0341 	EXP 	text: autoDraw = False
255.0341 	EXP 	fix: autoDraw = True
255.0355 	DATA 	Keypress: j
255.5500 	EXP 	fix: autoDraw = False
255.5500 	EXP 	text: height = 0.1
255.5500 	EXP 	text: height = 0.1
255.5500 	EXP 	text: height = 0.1
255.5500 	EXP 	text: text = 6
256.0319 	EXP 	text: autoDraw = True
256.7486 	EXP 	New trial (rep=19, index=3): <Trial 155 (3 in rep 19) data={'number': 2, 'corrAns': 'j', 'thisN': 155, 'thisTrialN': 3, 'thisRepN': 19}>
256.7638 	EXP 	text: autoDraw = False
256.7638 	EXP 	fix: autoDraw = True
256.7655 	DATA 	Keypress: f
257.2629 	EXP 	fix: autoDraw = False
257.2629 	EXP 	fix: autoDraw = False
257.2629 	EXP 	text: height = 0.1
257.2629 	EXP 	text: height = 0.1
257.2629 	EXP 	text: height = 0.1
257.2629 	EXP 	text: text = 2
257.7617 	EXP 	text: autoDraw = True
258.4612 	EXP 	New trial (rep=19, index=4): <Trial 156 (4 in rep 19) data={'number': 7, 'corrAns': 'f', 'thisN': 156, 'thisTrialN': 4, 'thisRepN': 19}>
258.4768 	EXP 	text: autoDraw = False
258.4768 	EXP 	fix: autoDraw = True
258.4783 	DATA 	Keypress: j
258.9759 	EXP 	fix: autoDraw = False
258.9759 	EXP 	fix: autoDraw = False
258.9759 	EXP 	text: height = 0.1
258.9759 	EXP 	text: height = 0.1
258.9759 	EXP 	text: height = 0.1
258.9759 	EXP 	text: text = 7
259.4746 	EXP 	text: autoDraw = True
259.9915 	EXP 	New trial (rep=19, index=5): <Trial 157 (5 in rep 19) data={'number': 8, 'corrAns': 'f', 'thisN': 157, 'thisTrialN': 5, 'thisRepN': 19}>
260.0068 	EXP 	text: autoDraw = False
260.0068 	EXP 	fix: autoDraw = True
260.0083 	DATA 	Keypress: f
260.5224 	EXP 	fix: autoDraw = False
260.5224 	EXP 	text: height = 0.1
260.5224 	EXP 	text: height = 0.1
260.5224 	EXP 	text: height = 0.1
260.5224 	EXP 	text: text = 8
261.0046 	EXP 	text: autoDraw = True
261.6879 	EXP 	New trial (rep=19, index=6): <Trial 158 (6 in rep 19) data={'number': 1, 'corrAns': 'j', 'thisN': 158, 'thisTrialN': 6, 'thisRepN': 19}>
261.7034 	EXP 	text: autoDraw = False
261.7034 	EXP 	fix: autoDraw = True
261.7050 	DATA 	Keypress: f
262.2188 	EXP 	fix: autoDraw = False
262.2188 	EXP 	text: height = 0.1
262.2188 	EXP 	text: height = 0.1
262.2188 	EXP 	text: height = 0.1
262.2188 	EXP 	text: text = 1
262.7016 	EXP 	text: autoDraw = True
263.2343 	EXP 	New trial (rep=19, index=7): <Trial 159 (7 in rep 19) data={'number': 3, 'corrAns': 'j', 'thisN': 159, 'thisTrialN': 7, 'thisRepN': 19}>
263.2501 	EXP 	text: autoDraw = False
263.2501 	EXP 	fix: autoDraw = True
263.2519 	DATA 	Keypress: j
263.7655 	EXP 	fix: autoDraw = False
263.7655 	EXP 	text: height = 0.1
263.7655 	EXP 	text: height = 0.1
263.7655 	EXP 	text: height = 0.1
263.7655 	EXP 	text: text = 3
264.2478 	EXP 	text: autoDraw = True
264.9492 	EXP 	New trial (rep=20, index=0): <Trial 160 (0 in rep 20) data={'number': 8, 'corrAns': 'f', 'thisN': 160, 'thisTrialN': 0, 'thisRepN': 20}>
264.9630 	EXP 	text: autoDraw = False
264.9630 	EXP 	fix: autoDraw = True
264.9646 	DATA 	Keypress: j
265.4786 	EXP 	fix: autoDraw = False
265.4786 	EXP 	text: height = 0.1
265.4786 	EXP 	text: height = 0.1
265.4786 	EXP 	text: height = 0.1
265.4786 	EXP 	text: text = 8
265.9607 	EXP 	text: autoDraw = True
266.3944 	EXP 	New trial (rep=20, index=1): <Trial 161 (1 in rep 20) data={'number': 7, 'corrAns': 'f', 'thisN': 161, 'thisTrialN': 1, 'thisRepN': 20}>
266.4097 	EXP 	text: autoDraw = False
266.4097 	EXP 	fix: autoDraw = True
266.4111 	DATA 	Keypress: f
266.9253 	EXP 	fix: autoDraw = False
266.9253 	EXP 	text: height = 0.1
266.9253 	EXP 	text: height = 0.1
266.9253 	EXP 	text: height = 0.1
266.9253 	EXP 	text: text = 7
267.4077 	EXP 	text: autoDraw = True
267.9078 	EXP 	New trial (rep=20, index=2): <Trial 162 (2 in rep 20) data={'number': 6, 'corrAns': 'f', 'thisN': 162, 'thisTrialN': 2, 'thisRepN': 20}>
267.9233 	EXP 	text: autoDraw = False
267.9233 	EXP 	fix: autoDraw = True
267.9250 	DATA 	Keypress: f
268.4387 	EXP 	fix: autoDraw = False
268.4387 	EXP 	text: height = 0.1
268.4387 	EXP 	text: height = 0.1
268.4387 	EXP 	text: height = 0.1
268.4387 	EXP 	text: text = 6
268.9212 	EXP 	text: autoDraw = True
269.3214 	EXP 	New trial (rep=20, index=3): <Trial 163 (3 in rep 20) data={'number': 4, 'corrAns': 'j', 'thisN': 163, 'thisTrialN': 3, 'thisRepN': 20}>
269.3368 	EXP 	text: autoDraw = False
269.3368 	EXP 	fix: autoDraw = True
269.3383 	DATA 	Keypress: f
269.8358 	EXP 	fix: autoDraw = False
269.8358 	EXP 	fix: autoDraw = False
269.8358 	EXP 	text: height = 0.1
269.8358 	EXP 	text: height = 0.1
269.8358 	EXP 	text: height = 0.1
269.8358 	EXP 	text: text = 4
270.3349 	EXP 	text: autoDraw = True
270.8350 	EXP 	New trial (rep=20, index=4): <Trial 164 (4 in rep 20) data={'number': 9, 'corrAns': 'f', 'thisN': 164, 'thisTrialN': 4, 'thisRepN': 20}>
270.8504 	EXP 	text: autoDraw = False
270.8504 	EXP 	fix: autoDraw = True
270.8521 	DATA 	Keypress: j
271.3659 	EXP 	fix: autoDraw = False
271.3659 	EXP 	text: height = 0.1
271.3659 	EXP 	text: height = 0.1
271.3659 	EXP 	text: height = 0.1
271.3659 	EXP 	text: text = 9
271.8483 	EXP 	text: autoDraw = True
272.7639 	EXP 	New trial (rep=20, index=5): <Trial 165 (5 in rep 20) data={'number': 3, 'corrAns': 'j', 'thisN': 165, 'thisTrialN': 5, 'thisRepN': 20}>
272.7795 	EXP 	text: autoDraw = False
272.7795 	EXP 	fix: autoDraw = True
272.7810 	DATA 	Keypress: f
273.2786 	EXP 	fix: autoDraw = False
273.2786 	EXP 	fix: autoDraw = False
273.2786 	EXP 	text: height = 0.1
273.2786 	EXP 	text: height = 0.1
273.2786 	EXP 	text: height = 0.1
273.2786 	EXP 	text: text = 3
273.7775 	EXP 	text: autoDraw = True
274.3943 	EXP 	New trial (rep=20, index=6): <Trial 166 (6 in rep 20) data={'number': 2, 'corrAns': 'j', 'thisN': 166, 'thisTrialN': 6, 'thisRepN': 20}>
274.4093 	EXP 	text: autoDraw = False
274.4093 	EXP 	fix: autoDraw = True
274.4108 	DATA 	Keypress: j
274.9083 	EXP 	fix: autoDraw = False
274.9083 	EXP 	fix: autoDraw = False
274.9083 	EXP 	text: height = 0.1
274.9083 	EXP 	text: height = 0.1
274.9083 	EXP 	text: height = 0.1
274.9083 	EXP 	text: text = 2
275.4079 	EXP 	text: autoDraw = True
275.9573 	EXP 	New trial (rep=20, index=7): <Trial 167 (7 in rep 20) data={'number': 1, 'corrAns': 'j', 'thisN': 167, 'thisTrialN': 7, 'thisRepN': 20}>
275.9731 	EXP 	text: autoDraw = False
275.9731 	EXP 	fix: autoDraw = True
275.9752 	DATA 	Keypress: j
276.4883 	EXP 	fix: autoDraw = False
276.4883 	EXP 	text: height = 0.1
276.4883 	EXP 	text: height = 0.1
276.4883 	EXP 	text: height = 0.1
276.4883 	EXP 	text: text = 1
276.9706 	EXP 	text: autoDraw = True
277.3709 	EXP 	New trial (rep=21, index=0): <Trial 168 (0 in rep 21) data={'number': 6, 'corrAns': 'f', 'thisN': 168, 'thisTrialN': 0, 'thisRepN': 21}>
277.3863 	EXP 	text: autoDraw = False
277.3863 	EXP 	fix: autoDraw = True
277.3878 	DATA 	Keypress: j
277.8854 	EXP 	fix: autoDraw = False
277.8854 	EXP 	fix: autoDraw = False
277.8854 	EXP 	text: height = 0.1
277.8854 	EXP 	text: height = 0.1
277.8854 	EXP 	text: height = 0.1
277.8854 	EXP 	text: text = 6
278.3844 	EXP 	text: autoDraw = True
278.8676 	EXP 	New trial (rep=21, index=1): <Trial 169 (1 in rep 21) data={'number': 8, 'corrAns': 'f', 'thisN': 169, 'thisTrialN': 1, 'thisRepN': 21}>
278.8831 	EXP 	text: autoDraw = False
278.8831 	EXP 	fix: autoDraw = True
278.8845 	DATA 	Keypress: f
279.3820 	EXP 	fix: autoDraw = False
279.3820 	EXP 	fix: autoDraw = False
279.3820 	EXP 	text: height = 0.1
279.3820 	EXP 	text: height = 0.1
279.3820 	EXP 	text: height = 0.1
279.3820 	EXP 	text: text = 8
279.8813 	EXP 	text: autoDraw = True
280.2983 	EXP 	New trial (rep=21, index=2): <Trial 170 (2 in rep 21) data={'number': 3, 'corrAns': 'j', 'thisN': 170, 'thisTrialN': 2, 'thisRepN': 21}>
280.3135 	EXP 	text: autoDraw = False
280.3135 	EXP 	fix: autoDraw = True
280.3150 	DATA 	Keypress: f
280.8124 	EXP 	fix: autoDraw = False
280.8124 	EXP 	fix: autoDraw = False
280.8124 	EXP 	text: height = 0.1
280.8124 	EXP 	text: height = 0.1
280.8124 	EXP 	text: height = 0.1
280.8124 	EXP 	text: text = 3
281.3114 	EXP 	text: autoDraw = True
281.7949 	EXP 	New trial (rep=21, index=3): <Trial 171 (3 in rep 21) data={'number': 1, 'corrAns': 'j', 'thisN': 171, 'thisTrialN': 3, 'thisRepN': 21}>
281.8105 	EXP 	text: autoDraw = False
281.8105 	EXP 	fix: autoDraw = True
281.8121 	DATA 	Keypress: j
282.3258 	EXP 	fix: autoDraw = False
282.3258 	EXP 	text: height = 0.1
282.3258 	EXP 	text: height = 0.1
282.3258 	EXP 	text: height = 0.1
282.3258 	EXP 	text: text = 1
282.8083 	EXP 	text: autoDraw = True
283.2266 	EXP 	New trial (rep=21, index=4): <Trial 172 (4 in rep 21) data={'number': 2, 'corrAns': 'j', 'thisN': 172, 'thisTrialN': 4, 'thisRepN': 21}>
283.2405 	EXP 	text: autoDraw = False
283.2405 	EXP 	fix: autoDraw = True
283.2419 	DATA 	Keypress: j
283.7397 	EXP 	fix: autoDraw = False
283.7397 	EXP 	fix: autoDraw = False
283.7397 	EXP 	text: height = 0.1
283.7397 	EXP 	text: height = 0.1
283.7397 	EXP 	text: height = 0.1
283.7397 	EXP 	text: text = 2
284.2386 	EXP 	text: autoDraw = True
284.6556 	EXP 	New trial (rep=21, index=5): <Trial 173 (5 in rep 21) data={'number': 4, 'corrAns': 'j', 'thisN': 173, 'thisTrialN': 5, 'thisRepN': 21}>
284.6712 	EXP 	text: autoDraw = False
284.6712 	EXP 	fix: autoDraw = True
284.6728 	DATA 	Keypress: j
285.1866 	EXP 	fix: autoDraw = False
285.1866 	EXP 	text: height = 0.1
285.1866 	EXP 	text: height = 0.1
285.1866 	EXP 	text: height = 0.1
285.1866 	EXP 	text: text = 4
285.6690 	EXP 	text: autoDraw = True
286.1523 	EXP 	New trial (rep=21, index=6): <Trial 174 (6 in rep 21) data={'number': 9, 'corrAns': 'f', 'thisN': 174, 'thisTrialN': 6, 'thisRepN': 21}>
286.1679 	EXP 	text: autoDraw = False
286.1679 	EXP 	fix: autoDraw = True
286.1709 	DATA 	Keypress: j
286.6832 	EXP 	fix: autoDraw = False
286.6832 	EXP 	text: height = 0.1
286.6832 	EXP 	text: height = 0.1
286.6832 	EXP 	text: height = 0.1
286.6832 	EXP 	text: text = 9
287.1657 	EXP 	text: autoDraw = True
287.6825 	EXP 	New trial (rep=21, index=7): <Trial 175 (7 in rep 21) data={'number': 7, 'corrAns': 'f', 'thisN': 175, 'thisTrialN': 7, 'thisRepN': 21}>
287.6977 	EXP 	text: autoDraw = False
287.6977 	EXP 	fix: autoDraw = True
287.6993 	DATA 	Keypress: f
288.1971 	EXP 	fix: autoDraw = False
288.1971 	EXP 	fix: autoDraw = False
288.1971 	EXP 	text: height = 0.1
288.1971 	EXP 	text: height = 0.1
288.1971 	EXP 	text: height = 0.1
288.1971 	EXP 	text: text = 7
288.6959 	EXP 	text: autoDraw = True
289.1291 	EXP 	New trial (rep=22, index=0): <Trial 176 (0 in rep 22) data={'number': 2, 'corrAns': 'j', 'thisN': 176, 'thisTrialN': 0, 'thisRepN': 22}>
289.1447 	EXP 	text: autoDraw = False
289.1447 	EXP 	fix: autoDraw = True
289.1463 	DATA 	Keypress: f
289.6455 	EXP 	fix: autoDraw = False
289.6455 	EXP 	fix: autoDraw = False
289.6455 	EXP 	text: height = 0.1
289.6455 	EXP 	text: height = 0.1
289.6455 	EXP 	text: height = 0.1
289.6455 	EXP 	text: text = 2
290.1427 	EXP 	text: autoDraw = True
290.8427 	EXP 	New trial (rep=22, index=1): <Trial 177 (1 in rep 22) data={'number': 9, 'corrAns': 'f', 'thisN': 177, 'thisTrialN': 1, 'thisRepN': 22}>
290.8578 	EXP 	text: autoDraw = False
290.8578 	EXP 	fix: autoDraw = True
290.8595 	DATA 	Keypress: j
291.3735 	EXP 	fix: autoDraw = False
291.3735 	EXP 	text: height = 0.1
291.3735 	EXP 	text: height = 0.1
291.3735 	EXP 	text: height = 0.1
291.3735 	EXP 	text: text = 9
291.8557 	EXP 	text: autoDraw = True
292.5056 	EXP 	New trial (rep=22, index=2): <Trial 178 (2 in rep 22) data={'number': 4, 'corrAns': 'j', 'thisN': 178, 'thisTrialN': 2, 'thisRepN': 22}>
292.5210 	EXP 	text: autoDraw = False
292.5210 	EXP 	fix: autoDraw = True
292.5226 	DATA 	Keypress: f
293.0364 	EXP 	fix: autoDraw = False
293.0364 	EXP 	text: height = 0.1
293.0364 	EXP 	text: height = 0.1
293.0364 	EXP 	text: height = 0.1
293.0364 	EXP 	text: text = 4
293.5187 	EXP 	text: autoDraw = True
294.1352 	EXP 	New trial (rep=22, index=3): <Trial 179 (3 in rep 22) data={'number': 7, 'corrAns': 'f', 'thisN': 179, 'thisTrialN': 3, 'thisRepN': 22}>
294.1506 	EXP 	text: autoDraw = False
294.1506 	EXP 	fix: autoDraw = True
294.1521 	DATA 	Keypress: j
294.6499 	EXP 	fix: autoDraw = False
294.6499 	EXP 	fix: autoDraw = False
294.6499 	EXP 	text: height = 0.1
294.6499 	EXP 	text: height = 0.1
294.6499 	EXP 	text: height = 0.1
294.6499 	EXP 	text: text = 7
295.1485 	EXP 	text: autoDraw = True
295.8319 	EXP 	New trial (rep=22, index=4): <Trial 180 (4 in rep 22) data={'number': 3, 'corrAns': 'j', 'thisN': 180, 'thisTrialN': 4, 'thisRepN': 22}>
295.8472 	EXP 	text: autoDraw = False
295.8472 	EXP 	fix: autoDraw = True
295.8489 	DATA 	Keypress: f
296.3626 	EXP 	fix: autoDraw = False
296.3626 	EXP 	text: height = 0.1
296.3626 	EXP 	text: height = 0.1
296.3626 	EXP 	text: height = 0.1
296.3626 	EXP 	text: text = 3
296.8451 	EXP 	text: autoDraw = True
297.4945 	EXP 	New trial (rep=22, index=5): <Trial 181 (5 in rep 22) data={'number': 8, 'corrAns': 'f', 'thisN': 181, 'thisTrialN': 5, 'thisRepN': 22}>
297.5115 	EXP 	text: autoDraw = False
297.5115 	EXP 	fix: autoDraw = True
297.5132 	DATA 	Keypress: j
298.0260 	EXP 	fix: autoDraw = False
298.0260 	EXP 	text: height = 0.1
298.0260 	EXP 	text: height = 0.1
298.0260 	EXP 	text: height = 0.1
298.0260 	EXP 	text: text = 8
298.5083 	EXP 	text: autoDraw = True
299.1914 	EXP 	New trial (rep=22, index=6): <Trial 182 (6 in rep 22) data={'number': 1, 'corrAns': 'j', 'thisN': 182, 'thisTrialN': 6, 'thisRepN': 22}>
299.2067 	EXP 	text: autoDraw = False
299.2067 	EXP 	fix: autoDraw = True
299.2083 	DATA 	Keypress: f
299.7222 	EXP 	fix: autoDraw = False
299.7222 	EXP 	text: height = 0.1
299.7222 	EXP 	text: height = 0.1
299.7222 	EXP 	text: height = 0.1
299.7222 	EXP 	text: text = 1
300.2046 	EXP 	text: autoDraw = True
300.7210 	EXP 	New trial (rep=22, index=7): <Trial 183 (7 in rep 22) data={'number': 6, 'corrAns': 'f', 'thisN': 183, 'thisTrialN': 7, 'thisRepN': 22}>
300.7368 	EXP 	text: autoDraw = False
300.7368 	EXP 	fix: autoDraw = True
300.7384 	DATA 	Keypress: j
301.2522 	EXP 	fix: autoDraw = False
301.2522 	EXP 	text: height = 0.1
301.2522 	EXP 	text: height = 0.1
301.2522 	EXP 	text: height = 0.1
301.2522 	EXP 	text: text = 6
301.7344 	EXP 	text: autoDraw = True
302.5173 	EXP 	New trial (rep=23, index=0): <Trial 184 (0 in rep 23) data={'number': 4, 'corrAns': 'j', 'thisN': 184, 'thisTrialN': 0, 'thisRepN': 23}>
302.5332 	EXP 	text: autoDraw = False
302.5332 	EXP 	fix: autoDraw = True
302.5350 	DATA 	Keypress: f
303.0484 	EXP 	fix: autoDraw = False
303.0484 	EXP 	text: height = 0.1
303.0484 	EXP 	text: height = 0.1
303.0484 	EXP 	text: height = 0.1
303.0484 	EXP 	text: text = 4
303.5311 	EXP 	text: autoDraw = True
304.0641 	EXP 	New trial (rep=23, index=1): <Trial 185 (1 in rep 23) data={'number': 3, 'corrAns': 'j', 'thisN': 185, 'thisTrialN': 1, 'thisRepN': 23}>
304.0801 	EXP 	text: autoDraw = False
304.0801 	EXP 	fix: autoDraw = True
304.0823 	DATA 	Keypress: j
304.5952 	EXP 	fix: autoDraw = False
304.5952 	EXP 	text: height = 0.1
304.5952 	EXP 	text: height = 0.1
304.5952 	EXP 	text: height = 0.1
304.5952 	EXP 	text: text = 3
305.0775 	EXP 	text: autoDraw = True
305.7603 	EXP 	New trial (rep=23, index=2): <Trial 186 (2 in rep 23) data={'number': 6, 'corrAns': 'f', 'thisN': 186, 'thisTrialN': 2, 'thisRepN': 23}>
305.7759 	EXP 	text: autoDraw = False
305.7759 	EXP 	fix: autoDraw = True
305.7775 	DATA 	Keypress: j
306.2748 	EXP 	fix: autoDraw = False
306.2748 	EXP 	fix: autoDraw = False
306.2748 	EXP 	text: height = 0.1
306.2748 	EXP 	text: height = 0.1
306.2748 	EXP 	text: height = 0.1
306.2748 	EXP 	text: text = 6
306.7738 	EXP 	text: autoDraw = True
307.3733 	EXP 	New trial (rep=23, index=3): <Trial 187 (3 in rep 23) data={'number': 1, 'corrAns': 'j', 'thisN': 187, 'thisTrialN': 3, 'thisRepN': 23}>
307.3894 	EXP 	text: autoDraw = False
307.3894 	EXP 	fix: autoDraw = True
307.3911 	DATA 	Keypress: f
307.9047 	EXP 	fix: autoDraw = False
307.9047 	EXP 	text: height = 0.1
307.9047 	EXP 	text: height = 0.1
307.9047 	EXP 	text: height = 0.1
307.9047 	EXP 	text: text = 1
308.3871 	EXP 	text: autoDraw = True
309.0870 	EXP 	New trial (rep=23, index=4): <Trial 188 (4 in rep 23) data={'number': 8, 'corrAns': 'f', 'thisN': 188, 'thisTrialN': 4, 'thisRepN': 23}>
309.1030 	EXP 	text: autoDraw = False
309.1030 	EXP 	fix: autoDraw = True
309.1048 	DATA 	Keypress: j
309.6184 	EXP 	fix: autoDraw = False
309.6184 	EXP 	text: height = 0.1
309.6184 	EXP 	text: height = 0.1
309.6184 	EXP 	text: height = 0.1
309.6184 	EXP 	text: text = 8
310.1007 	EXP 	text: autoDraw = True
310.8661 	EXP 	New trial (rep=23, index=5): <Trial 189 (5 in rep 23) data={'number': 7, 'corrAns': 'f', 'thisN': 189, 'thisTrialN': 5, 'thisRepN': 23}>
310.8816 	EXP 	text: autoDraw = False
310.8816 	EXP 	fix: autoDraw = True
310.8831 	DATA 	Keypress: f
311.3973 	EXP 	fix: autoDraw = False
311.3973 	EXP 	text: height = 0.1
311.3973 	EXP 	text: height = 0.1
311.3973 	EXP 	text: height = 0.1
311.3973 	EXP 	text: text = 7
311.8796 	EXP 	text: autoDraw = True
312.5629 	EXP 	New trial (rep=23, index=6): <Trial 190 (6 in rep 23) data={'number': 9, 'corrAns': 'f', 'thisN': 190, 'thisTrialN': 6, 'thisRepN': 23}>
312.5780 	EXP 	text: autoDraw = False
312.5780 	EXP 	fix: autoDraw = True
312.5796 	DATA 	Keypress: j
313.0939 	EXP 	fix: autoDraw = False
313.0939 	EXP 	text: height = 0.1
313.0939 	EXP 	text: height = 0.1
313.0939 	EXP 	text: height = 0.1
313.0939 	EXP 	text: text = 9
313.5761 	EXP 	text: autoDraw = True
314.6248 	EXP 	New trial (rep=23, index=7): <Trial 191 (7 in rep 23) data={'number': 2, 'corrAns': 'j', 'thisN': 191, 'thisTrialN': 7, 'thisRepN': 23}>
314.6406 	EXP 	text: autoDraw = False
314.6406 	EXP 	fix: autoDraw = True
314.6421 	DATA 	Keypress: f
315.1394 	EXP 	fix: autoDraw = False
315.1394 	EXP 	fix: autoDraw = False
315.1394 	EXP 	text: height = 0.1
315.1394 	EXP 	text: height = 0.1
315.1394 	EXP 	text: height = 0.1
315.1394 	EXP 	text: text = 2
315.6384 	EXP 	text: autoDraw = True
316.1547 	EXP 	New trial (rep=24, index=0): <Trial 192 (0 in rep 24) data={'number': 2, 'corrAns': 'j', 'thisN': 192, 'thisTrialN': 0, 'thisRepN': 24}>
316.1705 	EXP 	text: autoDraw = False
316.1705 	EXP 	fix: autoDraw = True
316.1721 	DATA 	Keypress: j
316.6692 	EXP 	fix: autoDraw = False
316.6692 	EXP 	fix: autoDraw = False
316.6692 	EXP 	text: height = 0.1
316.6692 	EXP 	text: height = 0.1
316.6692 	EXP 	text: height = 0.1
316.6692 	EXP 	text: text = 2
317.1681 	EXP 	text: autoDraw = True
317.7014 	EXP 	New trial (rep=24, index=1): <Trial 193 (1 in rep 24) data={'number': 1, 'corrAns': 'j', 'thisN': 193, 'thisTrialN': 1, 'thisRepN': 24}>
317.7174 	EXP 	text: autoDraw = False
317.7174 	EXP 	fix: autoDraw = True
317.7191 	DATA 	Keypress: j
318.2326 	EXP 	fix: autoDraw = False
318.2326 	EXP 	text: height = 0.1
318.2326 	EXP 	text: height = 0.1
318.2326 	EXP 	text: height = 0.1
318.2326 	EXP 	text: text = 1
318.7154 	EXP 	text: autoDraw = True
319.1818 	EXP 	New trial (rep=24, index=2): <Trial 194 (2 in rep 24) data={'number': 8, 'corrAns': 'f', 'thisN': 194, 'thisTrialN': 2, 'thisRepN': 24}>
319.1972 	EXP 	text: autoDraw = False
319.1972 	EXP 	fix: autoDraw = True
319.1987 	DATA 	Keypress: j
319.6964 	EXP 	fix: autoDraw = False
319.6964 	EXP 	fix: autoDraw = False
319.6964 	EXP 	text: height = 0.1
319.6964 	EXP 	text: height = 0.1
319.6964 	EXP 	text: height = 0.1
319.6964 	EXP 	text: text = 8
320.1953 	EXP 	text: autoDraw = True
320.6290 	EXP 	New trial (rep=24, index=3): <Trial 195 (3 in rep 24) data={'number': 6, 'corrAns': 'f', 'thisN': 195, 'thisTrialN': 3, 'thisRepN': 24}>
320.6445 	EXP 	text: autoDraw = False
320.6445 	EXP 	fix: autoDraw = True
320.6461 	DATA 	Keypress: f
321.1433 	EXP 	fix: autoDraw = False
321.1433 	EXP 	fix: autoDraw = False
321.1433 	EXP 	text: height = 0.1
321.1433 	EXP 	text: height = 0.1
321.1433 	EXP 	text: height = 0.1
321.1433 	EXP 	text: text = 6
321.6423 	EXP 	text: autoDraw = True
322.2752 	EXP 	New trial (rep=24, index=4): <Trial 196 (4 in rep 24) data={'number': 4, 'corrAns': 'j', 'thisN': 196, 'thisTrialN': 4, 'thisRepN': 24}>
322.2908 	EXP 	text: autoDraw = False
322.2908 	EXP 	fix: autoDraw = True
322.2922 	DATA 	Keypress: f
322.8063 	EXP 	fix: autoDraw = False
322.8063 	EXP 	text: height = 0.1
322.8063 	EXP 	text: height = 0.1
322.8063 	EXP 	text: height = 0.1
322.8063 	EXP 	text: text = 4
323.2886 	EXP 	text: autoDraw = True
323.8886 	EXP 	New trial (rep=24, index=5): <Trial 197 (5 in rep 24) data={'number': 9, 'corrAns': 'f', 'thisN': 197, 'thisTrialN': 5, 'thisRepN': 24}>
323.9040 	EXP 	text: autoDraw = False
323.9040 	EXP 	fix: autoDraw = True
323.9057 	DATA 	Keypress: j
324.4195 	EXP 	fix: autoDraw = False
324.4195 	EXP 	text: height = 0.1
324.4195 	EXP 	text: height = 0.1
324.4195 	EXP 	text: height = 0.1
324.4195 	EXP 	text: text = 9
324.9019 	EXP 	text: autoDraw = True
325.4018 	EXP 	New trial (rep=24, index=6): <Trial 198 (6 in rep 24) data={'number': 7, 'corrAns': 'f', 'thisN': 198, 'thisTrialN': 6, 'thisRepN': 24}>
325.4176 	EXP 	text: autoDraw = False
325.4176 	EXP 	fix: autoDraw = True
325.4191 	DATA 	Keypress: f
325.9164 	EXP 	fix: autoDraw = False
325.9164 	EXP 	fix: autoDraw = False
325.9164 	EXP 	text: height = 0.1
325.9164 	EXP 	text: height = 0.1
325.9164 	EXP 	text: height = 0.1
325.9164 	EXP 	text: text = 7
326.4155 	EXP 	text: autoDraw = True
327.0157 	EXP 	New trial (rep=24, index=7): <Trial 199 (7 in rep 24) data={'number': 3, 'corrAns': 'j', 'thisN': 199, 'thisTrialN': 7, 'thisRepN': 24}>
327.0307 	EXP 	text: autoDraw = False
327.0307 	EXP 	fix: autoDraw = True
327.0323 	DATA 	Keypress: f
327.5295 	EXP 	fix: autoDraw = False
327.5295 	EXP 	fix: autoDraw = False
327.5295 	EXP 	text: height = 0.1
327.5295 	EXP 	text: height = 0.1
327.5295 	EXP 	text: height = 0.1
327.5295 	EXP 	text: text = 3
328.0286 	EXP 	text: autoDraw = True
328.6439 	EXP 	text: autoDraw = False
328.6439 	EXP 	endding: autoDraw = True
328.6456 	DATA 	Keypress: j
329.6586 	EXP 	endding: autoDraw = False
329.6587 	EXP 	3.2.  1.16 psyexp: status = STOPPED
