7.6485 	WARNING 	User requested fullscreen with size [1024  768], but screen is actually [1920, 1080]. Using actual size
7.9982 	EXP 	Created window1 = Window(allowGUI=False, allowStencil=False, autoLog=True, backendConf=UNKNOWN, backgroundFit=<method-wrapper '__getattribute__' of attributeSetter object at 0x0000028EDD1726B0>, backgroundImage=<method-wrapper '__getattribute__' of attributeSetter object at 0x0000028EDD172650>, bitsMode=UNKNOWN, blendMode='avg', bpc=(8, 8, 8), color=array([0, 0, 0]), colorSpace='rgb', depthBits=8, fullscr=True, gamma=None, gammaErrorPolicy='raise', infoMsg=UNKNOWN, lms=UNKNOWN, monitor=<psychopy.monitors.calibTools.Monitor object at 0x0000028EDD233B80>, multiSample=False, name='window1', numSamples=2, pos=[0.0, 0.0], screen=0, size=array([1920, 1080]), stencilBits=0, stereo=False, title='PsychoPy', units='height', useFBO=True, useRetina=False, viewOri=0.0, viewPos=None, viewScale=None, waitBlanking=True, winType='pyglet')
7.9983 	EXP 	window1: backgroundImage = ''
7.9983 	EXP 	window1: backgroundFit = 'none'
8.0734 	EXP 	window1: Attempting to measure frame rate of screen (0) ...
8.0734 	EXP 	window1: recordFrameIntervals = False
8.3823 	EXP 	window1: recordFrameIntervals = True
8.5646 	EXP 	Screen (0) actual frame rate measured at 60.29Hz
8.5646 	EXP 	window1: recordFrameIntervals = False
11.0876 	EXP 	3.2.  1.16 psyexp: status = STARTED
11.1793 	EXP 	Created instructions = TextStim(__class__=<class 'psychopy.visual.text.TextStim'>, alignHoriz=method-wrapper(...), alignText='center', alignVert=method-wrapper(...), anchorHoriz='center', anchorVert='center', antialias=True, autoDraw=False, autoLog=True, bold=False, color=array([1., 1., 1.]), colorSpace='rgb', contrast=1.0, depth=0.0, draggable=False, flipHoriz=False, flipVert=False, font='Open Sans', fontFiles=[], height=0.1, italic=False, languageStyle='LTR', name='instructions', opacity=1, ori=0.0, pos=array([0., 0.]), rgb=UNKNOWN, text=str(...), units='height', win=Window(...), wrapWidth=1)
11.1832 	EXP 	Created fix = TextStim(__class__=<class 'psychopy.visual.text.TextStim'>, alignHoriz=method-wrapper(...), alignText='center', alignVert=method-wrapper(...), anchorHoriz='center', anchorVert='center', antialias=True, autoDraw=False, autoLog=True, bold=False, color=array([1., 1., 1.]), colorSpace='rgb', contrast=1.0, depth=0.0, draggable=False, flipHoriz=False, flipVert=False, font='Open Sans', fontFiles=[], height=0.1, italic=False, languageStyle='LTR', name='fix', opacity=1, ori=0.0, pos=array([0., 0.]), rgb=UNKNOWN, text='+', units='height', win=Window(...), wrapWidth=1)
11.1843 	EXP 	Created text = TextStim(__class__=<class 'psychopy.visual.text.TextStim'>, alignHoriz=method-wrapper(...), alignText='center', alignVert=method-wrapper(...), anchorHoriz='center', anchorVert='center', antialias=True, autoDraw=False, autoLog=True, bold=False, color=array([1., 1., 1.]), colorSpace='rgb', contrast=1.0, depth=0.0, draggable=False, flipHoriz=False, flipVert=False, font='Open Sans', fontFiles=[], height=0.1, italic=False, languageStyle='LTR', name='text', opacity=1, ori=0.0, pos=array([0., 0.]), rgb=UNKNOWN, text='', units='height', win=Window(...), wrapWidth=1)
11.1992 	EXP 	Created endding = TextStim(__class__=<class 'psychopy.visual.text.TextStim'>, alignHoriz=method-wrapper(...), alignText='center', alignVert=method-wrapper(...), anchorHoriz='center', anchorVert='center', antialias=True, autoDraw=False, autoLog=True, bold=False, color=array([1., 1., 1.]), colorSpace='rgb', contrast=1.0, depth=0.0, draggable=False, flipHoriz=False, flipVert=False, font='Open Sans', fontFiles=[], height=0.1, italic=False, languageStyle='LTR', name='endding', opacity=1, ori=0.0, pos=array([0., 0.]), rgb=UNKNOWN, text='您好，此阶段测试已完成。', units='height', win=Window(...), wrapWidth=1)
0.0078 	DATA 	Keypress: lshift
0.0117 	EXP 	instructions: autoDraw = True
4.2023 	EXP 	Imported 1.csv as conditions, 8 conditions, 2 params
4.2062 	EXP 	New trial (rep=0, index=0): <Trial 0 (0 in rep 0) data={'number': 1, 'corrAns': 'j', 'thisN': 0, 'thisTrialN': 0, 'thisRepN': 0}>
4.2128 	EXP 	instructions: autoDraw = False
4.2128 	EXP 	fix: autoDraw = True
4.2147 	DATA 	Keypress: space
4.7175 	EXP 	fix: autoDraw = False
4.7175 	EXP 	text: height = 0.1
4.7175 	EXP 	text: height = 0.1
4.7175 	EXP 	text: height = 0.1
4.7175 	EXP 	text: text = 1
5.1995 	EXP 	text: autoDraw = True
5.9490 	EXP 	New trial (rep=0, index=1): <Trial 1 (1 in rep 0) data={'number': 7, 'corrAns': 'f', 'thisN': 1, 'thisTrialN': 1, 'thisRepN': 0}>
5.9644 	EXP 	text: autoDraw = False
5.9644 	EXP 	fix: autoDraw = True
6.4636 	EXP 	fix: autoDraw = False
6.4636 	EXP 	fix: autoDraw = False
6.4636 	EXP 	text: height = 0.1
6.4636 	EXP 	text: height = 0.1
6.4636 	EXP 	text: height = 0.1
6.4636 	EXP 	text: text = 7
6.9627 	EXP 	text: autoDraw = True
6.9874 	DATA 	KeyPress: f
7.6455 	EXP 	New trial (rep=0, index=2): <Trial 2 (2 in rep 0) data={'number': 9, 'corrAns': 'f', 'thisN': 2, 'thisTrialN': 2, 'thisRepN': 0}>
7.6609 	EXP 	text: autoDraw = False
7.6609 	EXP 	fix: autoDraw = True
7.6625 	DATA 	Keypress: j
8.1764 	EXP 	fix: autoDraw = False
8.1764 	EXP 	text: height = 0.1
8.1764 	EXP 	text: height = 0.1
8.1764 	EXP 	text: height = 0.1
8.1764 	EXP 	text: text = 9
8.6590 	EXP 	text: autoDraw = True
9.2253 	EXP 	New trial (rep=0, index=3): <Trial 3 (3 in rep 0) data={'number': 4, 'corrAns': 'j', 'thisN': 3, 'thisTrialN': 3, 'thisRepN': 0}>
9.2406 	EXP 	text: autoDraw = False
9.2406 	EXP 	fix: autoDraw = True
9.2421 	DATA 	Keypress: j
9.7397 	EXP 	fix: autoDraw = False
9.7397 	EXP 	fix: autoDraw = False
9.7397 	EXP 	text: height = 0.1
9.7397 	EXP 	text: height = 0.1
9.7397 	EXP 	text: height = 0.1
9.7397 	EXP 	text: text = 4
10.2389 	EXP 	text: autoDraw = True
10.8058 	EXP 	New trial (rep=0, index=4): <Trial 4 (4 in rep 0) data={'number': 3, 'corrAns': 'j', 'thisN': 4, 'thisTrialN': 4, 'thisRepN': 0}>
10.8209 	EXP 	text: autoDraw = False
10.8209 	EXP 	fix: autoDraw = True
10.8226 	DATA 	Keypress: f
11.3365 	EXP 	fix: autoDraw = False
11.3365 	EXP 	text: height = 0.1
11.3365 	EXP 	text: height = 0.1
11.3365 	EXP 	text: height = 0.1
11.3365 	EXP 	text: text = 3
11.8187 	EXP 	text: autoDraw = True
12.2522 	EXP 	New trial (rep=0, index=5): <Trial 5 (5 in rep 0) data={'number': 8, 'corrAns': 'f', 'thisN': 5, 'thisTrialN': 5, 'thisRepN': 0}>
12.2676 	EXP 	text: autoDraw = False
12.2676 	EXP 	fix: autoDraw = True
12.2692 	DATA 	Keypress: f
12.7834 	EXP 	fix: autoDraw = False
12.7834 	EXP 	text: height = 0.1
12.7834 	EXP 	text: height = 0.1
12.7834 	EXP 	text: height = 0.1
12.7834 	EXP 	text: text = 8
13.1006 	DATA 	Keypress: escape
13.2497 	EXP 	3.2.  1.16 psyexp: status = STOPPED
13.2657 	EXP 	text: autoDraw = True
13.2657 	EXP 	text: autoDraw = False
13.2662 	EXP 	3.2.  1.16 psyexp: status = STOPPED
